SF:/workspaces/digby/src/aes_128_gcm_sanity.rs
FN:25,_RNvMNtCskvx6Wg1ZZUs_5digby18aes_128_gcm_sanityNtB2_15Aes128GcmSanity12decrypt_page
FN:12,_RNvMNtCskvx6Wg1ZZUs_5digby18aes_128_gcm_sanityNtB2_15Aes128GcmSanity12encrypt_page
FN:25,_RNvMNtCsgKx49t2KK1I_5digby18aes_128_gcm_sanityNtB2_15Aes128GcmSanity12decrypt_page
FN:12,_RNvMNtCsgKx49t2KK1I_5digby18aes_128_gcm_sanityNtB2_15Aes128GcmSanity12encrypt_page
FNDA:12,_RNvMNtCskvx6Wg1ZZUs_5digby18aes_128_gcm_sanityNtB2_15Aes128GcmSanity12decrypt_page
FNDA:30,_RNvMNtCskvx6Wg1ZZUs_5digby18aes_128_gcm_sanityNtB2_15Aes128GcmSanity12encrypt_page
FNDA:0,_RNvMNtCsgKx49t2KK1I_5digby18aes_128_gcm_sanityNtB2_15Aes128GcmSanity12decrypt_page
FNDA:0,_RNvMNtCsgKx49t2KK1I_5digby18aes_128_gcm_sanityNtB2_15Aes128GcmSanity12encrypt_page
FNF:2
FNH:2
DA:12,30
DA:13,30
DA:14,30
DA:15,30
DA:16,30
DA:17,30
DA:18,30
DA:19,30
DA:20,30
DA:21,30
DA:22,30
DA:23,30
DA:25,12
DA:26,12
DA:27,12
DA:28,12
DA:29,12
DA:30,12
DA:31,12
DA:32,12
DA:33,12
DA:34,12
DA:35,12
BRF:0
BRH:0
LF:23
LH:23
end_of_record
SF:/workspaces/digby/src/block_layer.rs
FN:213,_RNvNtNtCskvx6Wg1ZZUs_5digby11block_layer5testss_21test_create_new_pages
FN:227,_RNvNtNtCskvx6Wg1ZZUs_5digby11block_layer5testss_23test_create_header_page
FN:163,_RNvNtNtCskvx6Wg1ZZUs_5digby11block_layer5testss_24test_block_layer_put_get
FN:200,_RNvNtNtCskvx6Wg1ZZUs_5digby11block_layer5testss_30test_block_out_side_page_range
FN:180,_RNvNtNtCskvx6Wg1ZZUs_5digby11block_layer5testss_34test_block_layer_put_get_encrypted
FN:137,_RNvMNtCskvx6Wg1ZZUs_5digby11block_layerNtB2_10BlockLayer10set_sanity
FN:104,_RNvMNtCskvx6Wg1ZZUs_5digby11block_layerNtB2_10BlockLayer10write_page
FN:141,_RNvMNtCskvx6Wg1ZZUs_5digby11block_layerNtB2_10BlockLayer12check_sanity
FN:67,_RNvMNtCskvx6Wg1ZZUs_5digby11block_layerNtB2_10BlockLayer12new_with_key
FN:87,_RNvMNtCskvx6Wg1ZZUs_5digby11block_layerNtB2_10BlockLayer15get_page_config
FN:121,_RNvMNtCskvx6Wg1ZZUs_5digby11block_layerNtB2_10BlockLayer19generate_free_pages
FN:100,_RNvMNtCskvx6Wg1ZZUs_5digby11block_layerNtB2_10BlockLayer20get_total_page_count
FN:55,_RNvMNtCskvx6Wg1ZZUs_5digby11block_layerNtB2_10BlockLayer3new
FN:149,_RNvMNtCskvx6Wg1ZZUs_5digby11block_layerNtB2_10BlockLayer8sync_all
FN:91,_RNvMNtCskvx6Wg1ZZUs_5digby11block_layerNtB2_10BlockLayer9read_page
FN:145,_RNvMNtCskvx6Wg1ZZUs_5digby11block_layerNtB2_10BlockLayer9sync_data
FN:137,_RNvMNtCsgKx49t2KK1I_5digby11block_layerNtB2_10BlockLayer10set_sanity
FN:104,_RNvMNtCsgKx49t2KK1I_5digby11block_layerNtB2_10BlockLayer10write_page
FN:141,_RNvMNtCsgKx49t2KK1I_5digby11block_layerNtB2_10BlockLayer12check_sanity
FN:67,_RNvMNtCsgKx49t2KK1I_5digby11block_layerNtB2_10BlockLayer12new_with_key
FN:87,_RNvMNtCsgKx49t2KK1I_5digby11block_layerNtB2_10BlockLayer15get_page_config
FN:121,_RNvMNtCsgKx49t2KK1I_5digby11block_layerNtB2_10BlockLayer19generate_free_pages
FN:100,_RNvMNtCsgKx49t2KK1I_5digby11block_layerNtB2_10BlockLayer20get_total_page_count
FN:55,_RNvMNtCsgKx49t2KK1I_5digby11block_layerNtB2_10BlockLayer3new
FN:149,_RNvMNtCsgKx49t2KK1I_5digby11block_layerNtB2_10BlockLayer8sync_all
FN:91,_RNvMNtCsgKx49t2KK1I_5digby11block_layerNtB2_10BlockLayer9read_page
FN:145,_RNvMNtCsgKx49t2KK1I_5digby11block_layerNtB2_10BlockLayer9sync_data
FNDA:1,_RNvNtNtCskvx6Wg1ZZUs_5digby11block_layer5testss_21test_create_new_pages
FNDA:1,_RNvNtNtCskvx6Wg1ZZUs_5digby11block_layer5testss_23test_create_header_page
FNDA:1,_RNvNtNtCskvx6Wg1ZZUs_5digby11block_layer5testss_24test_block_layer_put_get
FNDA:1,_RNvNtNtCskvx6Wg1ZZUs_5digby11block_layer5testss_30test_block_out_side_page_range
FNDA:1,_RNvNtNtCskvx6Wg1ZZUs_5digby11block_layer5testss_34test_block_layer_put_get_encrypted
FNDA:580734,_RNvMNtCskvx6Wg1ZZUs_5digby11block_layerNtB2_10BlockLayer10set_sanity
FNDA:528243,_RNvMNtCskvx6Wg1ZZUs_5digby11block_layerNtB2_10BlockLayer10write_page
FNDA:155790597,_RNvMNtCskvx6Wg1ZZUs_5digby11block_layerNtB2_10BlockLayer12check_sanity
FNDA:3,_RNvMNtCskvx6Wg1ZZUs_5digby11block_layerNtB2_10BlockLayer12new_with_key
FNDA:69773,_RNvMNtCskvx6Wg1ZZUs_5digby11block_layerNtB2_10BlockLayer15get_page_config
FNDA:23330,_RNvMNtCskvx6Wg1ZZUs_5digby11block_layerNtB2_10BlockLayer19generate_free_pages
FNDA:4,_RNvMNtCskvx6Wg1ZZUs_5digby11block_layerNtB2_10BlockLayer20get_total_page_count
FNDA:48,_RNvMNtCskvx6Wg1ZZUs_5digby11block_layerNtB2_10BlockLayer3new
FNDA:40,_RNvMNtCskvx6Wg1ZZUs_5digby11block_layerNtB2_10BlockLayer8sync_all
FNDA:155790597,_RNvMNtCskvx6Wg1ZZUs_5digby11block_layerNtB2_10BlockLayer9read_page
FNDA:118872,_RNvMNtCskvx6Wg1ZZUs_5digby11block_layerNtB2_10BlockLayer9sync_data
FNDA:546,_RNvMNtCsgKx49t2KK1I_5digby11block_layerNtB2_10BlockLayer10set_sanity
FNDA:336,_RNvMNtCsgKx49t2KK1I_5digby11block_layerNtB2_10BlockLayer10write_page
FNDA:791,_RNvMNtCsgKx49t2KK1I_5digby11block_layerNtB2_10BlockLayer12check_sanity
FNDA:0,_RNvMNtCsgKx49t2KK1I_5digby11block_layerNtB2_10BlockLayer12new_with_key
FNDA:213,_RNvMNtCsgKx49t2KK1I_5digby11block_layerNtB2_10BlockLayer15get_page_config
FNDA:23,_RNvMNtCsgKx49t2KK1I_5digby11block_layerNtB2_10BlockLayer19generate_free_pages
FNDA:0,_RNvMNtCsgKx49t2KK1I_5digby11block_layerNtB2_10BlockLayer20get_total_page_count
FNDA:25,_RNvMNtCsgKx49t2KK1I_5digby11block_layerNtB2_10BlockLayer3new
FNDA:25,_RNvMNtCsgKx49t2KK1I_5digby11block_layerNtB2_10BlockLayer8sync_all
FNDA:791,_RNvMNtCsgKx49t2KK1I_5digby11block_layerNtB2_10BlockLayer9read_page
FNDA:126,_RNvMNtCsgKx49t2KK1I_5digby11block_layerNtB2_10BlockLayer9sync_data
FNF:16
FNH:16
DA:55,73
DA:56,73
DA:57,73
DA:58,73
DA:59,73
DA:60,73
DA:61,73
DA:62,73
DA:63,73
DA:64,73
DA:65,73
DA:67,3
DA:68,3
DA:70,3
DA:71,1
DA:72,2
DA:73,2
DA:74,2
DA:75,2
DA:76,3
DA:77,3
DA:78,3
DA:79,3
DA:80,3
DA:81,3
DA:82,3
DA:83,3
DA:84,3
DA:85,3
DA:87,69986
DA:88,69986
DA:89,69986
DA:91,155791388
DA:92,155791388
DA:93,155791388
DA:94,155791388
DA:95,155791388
DA:96,155791388
DA:97,155791388
DA:98,155791388
DA:100,4
DA:101,4
DA:102,4
DA:104,528579
DA:105,528579
DA:106,528579
DA:107,528579
DA:108,1
DA:111,528578
DA:112,528578
DA:113,528578
DA:114,528578
DA:115,528578
DA:121,23353
DA:122,23353
DA:123,23353
DA:124,52702
DA:125,52702
DA:126,52702
DA:127,52702
DA:128,52702
DA:129,52702
DA:130,52702
DA:131,52702
DA:133,23353
DA:134,23353
DA:135,23353
DA:137,581280
DA:138,581280
DA:139,581280
DA:141,155791388
DA:142,155791388
DA:143,155791388
DA:145,118998
DA:146,118998
DA:147,118998
DA:149,65
DA:150,65
DA:151,65
DA:163,1
DA:164,1
DA:165,1
DA:166,1
DA:167,1
DA:168,1
DA:169,1
DA:170,1
DA:171,1
DA:172,1
DA:173,1
DA:174,1
DA:175,1
DA:176,1
DA:177,1
DA:180,1
DA:181,1
DA:182,1
DA:183,1
DA:185,1
DA:186,1
DA:187,1
DA:188,1
DA:189,1
DA:190,1
DA:191,1
DA:192,1
DA:193,1
DA:194,1
DA:195,1
DA:196,1
DA:200,1
DA:201,1
DA:202,1
DA:203,1
DA:204,1
DA:205,1
DA:206,1
DA:207,1
DA:209,1
DA:210,1
DA:213,1
DA:214,1
DA:215,1
DA:216,1
DA:217,1
DA:218,1
DA:219,1
DA:220,1
DA:221,1
DA:222,1
DA:223,1
DA:224,1
DA:227,1
DA:228,1
DA:229,1
DA:230,1
DA:231,1
DA:232,1
DA:233,1
DA:234,1
DA:235,1
BRF:0
BRH:0
LF:141
LH:141
end_of_record
SF:/workspaces/digby/src/block_sanity.rs
FN:37,_RNvMs0_NtCskvx6Wg1ZZUs_5digby12block_sanityNtB5_11BlockSanity14get_bytes_used
FN:55,_RNvMs0_NtCskvx6Wg1ZZUs_5digby12block_sanityNtB5_11BlockSanity16set_block_sanity
FN:44,_RNvMs0_NtCskvx6Wg1ZZUs_5digby12block_sanityNtB5_11BlockSanity18check_block_sanity
FN:18,_RNvXNtCskvx6Wg1ZZUs_5digby12block_sanityNtB2_11BlockSanityINtNtCs1X3mq3Q8b4t_4core7convert7TryFromhE8try_from
FN:28,_RNvXs_NtCskvx6Wg1ZZUs_5digby12block_sanityhINtNtCs1X3mq3Q8b4t_4core7convert4FromNtB4_11BlockSanityE4from
FN:78,_RNvNtNtCskvx6Wg1ZZUs_5digby12block_sanity5testss_26test_block_sanity_try_from
FN:72,_RNvNtNtCskvx6Wg1ZZUs_5digby12block_sanity5testss_28test_block_sanity_bytes_used
FN:37,_RNvMs0_NtCsgKx49t2KK1I_5digby12block_sanityNtB5_11BlockSanity14get_bytes_used
FN:55,_RNvMs0_NtCsgKx49t2KK1I_5digby12block_sanityNtB5_11BlockSanity16set_block_sanity
FN:44,_RNvMs0_NtCsgKx49t2KK1I_5digby12block_sanityNtB5_11BlockSanity18check_block_sanity
FN:18,_RNvXNtCsgKx49t2KK1I_5digby12block_sanityNtB2_11BlockSanityINtNtCs1X3mq3Q8b4t_4core7convert7TryFromhE8try_from
FN:28,_RNvXs_NtCsgKx49t2KK1I_5digby12block_sanityhINtNtCs1X3mq3Q8b4t_4core7convert4FromNtB4_11BlockSanityE4from
FNDA:53,_RNvMs0_NtCskvx6Wg1ZZUs_5digby12block_sanityNtB5_11BlockSanity14get_bytes_used
FNDA:580734,_RNvMs0_NtCskvx6Wg1ZZUs_5digby12block_sanityNtB5_11BlockSanity16set_block_sanity
FNDA:155790597,_RNvMs0_NtCskvx6Wg1ZZUs_5digby12block_sanityNtB5_11BlockSanity18check_block_sanity
FNDA:32,_RNvXNtCskvx6Wg1ZZUs_5digby12block_sanityNtB2_11BlockSanityINtNtCs1X3mq3Q8b4t_4core7convert7TryFromhE8try_from
FNDA:14,_RNvXs_NtCskvx6Wg1ZZUs_5digby12block_sanityhINtNtCs1X3mq3Q8b4t_4core7convert4FromNtB4_11BlockSanityE4from
FNDA:1,_RNvNtNtCskvx6Wg1ZZUs_5digby12block_sanity5testss_26test_block_sanity_try_from
FNDA:1,_RNvNtNtCskvx6Wg1ZZUs_5digby12block_sanity5testss_28test_block_sanity_bytes_used
FNDA:25,_RNvMs0_NtCsgKx49t2KK1I_5digby12block_sanityNtB5_11BlockSanity14get_bytes_used
FNDA:546,_RNvMs0_NtCsgKx49t2KK1I_5digby12block_sanityNtB5_11BlockSanity16set_block_sanity
FNDA:791,_RNvMs0_NtCsgKx49t2KK1I_5digby12block_sanityNtB5_11BlockSanity18check_block_sanity
FNDA:12,_RNvXNtCsgKx49t2KK1I_5digby12block_sanityNtB2_11BlockSanityINtNtCs1X3mq3Q8b4t_4core7convert7TryFromhE8try_from
FNDA:13,_RNvXs_NtCsgKx49t2KK1I_5digby12block_sanityhINtNtCs1X3mq3Q8b4t_4core7convert4FromNtB4_11BlockSanityE4from
FNF:7
FNH:7
DA:18,44
DA:19,44
DA:20,40
DA:21,3
DA:22,1
DA:24,44
DA:28,27
DA:29,27
DA:30,25
DA:31,2
DA:33,27
DA:37,78
DA:38,78
DA:39,74
DA:40,4
DA:42,78
DA:44,155791388
DA:45,155791388
DA:46,155791376
DA:47,155791376
DA:48,155791376
DA:49,12
DA:50,12
DA:51,12
DA:53,155791388
DA:55,581280
DA:56,581280
DA:57,581250
DA:58,581250
DA:59,581250
DA:60,30
DA:61,30
DA:62,30
DA:64,581280
DA:72,1
DA:73,1
DA:74,1
DA:75,1
DA:78,1
DA:79,1
DA:80,1
DA:83,1
DA:84,1
DA:85,1
BRF:0
BRH:0
LF:44
LH:44
end_of_record
SF:/workspaces/digby/src/clear_handler.rs
FN:17,_RNvMNtCskvx6Wg1ZZUs_5digby13clear_handlerNtB2_12ClearHandler10clear_tree
FN:87,_RNvMNtCskvx6Wg1ZZUs_5digby13clear_handlerNtB2_12ClearHandler15clear_leaf_page
FN:77,_RNvMNtCskvx6Wg1ZZUs_5digby13clear_handlerNtB2_12ClearHandler20clear_root_leaf_page
FN:38,_RNvMNtCskvx6Wg1ZZUs_5digby13clear_handlerNtB2_12ClearHandler20clear_tree_dir_pages
FN:65,_RNvMNtCskvx6Wg1ZZUs_5digby13clear_handlerNtB2_12ClearHandler20create_new_root_page
FN:17,_RNvMNtCsgKx49t2KK1I_5digby13clear_handlerNtB2_12ClearHandler10clear_tree
FN:87,_RNvMNtCsgKx49t2KK1I_5digby13clear_handlerNtB2_12ClearHandler15clear_leaf_page
FN:77,_RNvMNtCsgKx49t2KK1I_5digby13clear_handlerNtB2_12ClearHandler20clear_root_leaf_page
FN:38,_RNvMNtCsgKx49t2KK1I_5digby13clear_handlerNtB2_12ClearHandler20clear_tree_dir_pages
FN:65,_RNvMNtCsgKx49t2KK1I_5digby13clear_handlerNtB2_12ClearHandler20create_new_root_page
FNDA:1,_RNvMNtCskvx6Wg1ZZUs_5digby13clear_handlerNtB2_12ClearHandler10clear_tree
FNDA:132,_RNvMNtCskvx6Wg1ZZUs_5digby13clear_handlerNtB2_12ClearHandler15clear_leaf_page
FNDA:0,_RNvMNtCskvx6Wg1ZZUs_5digby13clear_handlerNtB2_12ClearHandler20clear_root_leaf_page
FNDA:39,_RNvMNtCskvx6Wg1ZZUs_5digby13clear_handlerNtB2_12ClearHandler20clear_tree_dir_pages
FNDA:1,_RNvMNtCskvx6Wg1ZZUs_5digby13clear_handlerNtB2_12ClearHandler20create_new_root_page
FNDA:3,_RNvMNtCsgKx49t2KK1I_5digby13clear_handlerNtB2_12ClearHandler10clear_tree
FNDA:6,_RNvMNtCsgKx49t2KK1I_5digby13clear_handlerNtB2_12ClearHandler15clear_leaf_page
FNDA:2,_RNvMNtCsgKx49t2KK1I_5digby13clear_handlerNtB2_12ClearHandler20clear_root_leaf_page
FNDA:1,_RNvMNtCsgKx49t2KK1I_5digby13clear_handlerNtB2_12ClearHandler20clear_tree_dir_pages
FNDA:3,_RNvMNtCsgKx49t2KK1I_5digby13clear_handlerNtB2_12ClearHandler20create_new_root_page
FNF:5
FNH:5
DA:17,4
DA:18,4
DA:19,4
DA:20,4
DA:21,4
DA:22,4
DA:23,4
DA:24,2
DA:25,2
DA:26,2
DA:27,2
DA:28,2
DA:29,2
DA:31,2
DA:33,2
DA:34,2
DA:35,2
DA:36,4
DA:38,40
DA:39,40
DA:40,40
DA:41,40
DA:42,40
DA:43,40
DA:45,40
DA:46,214
DA:47,174
DA:48,174
DA:49,136
DA:50,136
DA:51,136
DA:52,136
DA:54,136
DA:55,38
DA:57,38
DA:58,38
DA:59,38
DA:60,38
DA:63,40
DA:65,4
DA:66,4
DA:67,4
DA:68,4
DA:69,4
DA:70,4
DA:71,4
DA:72,4
DA:73,4
DA:74,4
DA:75,4
DA:77,2
DA:78,2
DA:79,2
DA:80,2
DA:81,2
DA:82,2
DA:83,2
DA:84,2
DA:85,2
DA:87,138
DA:88,138
DA:89,138
DA:90,138
DA:91,138
DA:92,138
DA:93,429
DA:94,291
DA:95,33
DA:96,33
DA:97,33
DA:98,33
DA:99,33
DA:100,258
DA:102,138
DA:103,138
BRF:0
BRH:0
LF:75
LH:75
end_of_record
SF:/workspaces/digby/src/compressor.rs
FN:48,_RNvMs0_NtCskvx6Wg1ZZUs_5digby10compressorNtB5_10Compressor10decompress
FN:37,_RNvMs0_NtCskvx6Wg1ZZUs_5digby10compressorNtB5_10Compressor3new
FN:41,_RNvMs0_NtCskvx6Wg1ZZUs_5digby10compressorNtB5_10Compressor8compress
FN:18,_RNvXNtCskvx6Wg1ZZUs_5digby10compressorNtB2_14CompressorTypeINtNtCs1X3mq3Q8b4t_4core7convert7TryFromhE8try_from
FN:28,_RNvXs_NtCskvx6Wg1ZZUs_5digby10compressorhINtNtCs1X3mq3Q8b4t_4core7convert4FromNtB4_14CompressorTypeE4from
FN:86,_RNvNtNtCskvx6Wg1ZZUs_5digby10compressor5testss_19test_compressor_lz4
FN:74,_RNvNtNtCskvx6Wg1ZZUs_5digby10compressor5testss_20test_compressor_none
FN:68,_RNvNtNtCskvx6Wg1ZZUs_5digby10compressor5testss_25test_compressor_type_from
FN:61,_RNvNtNtCskvx6Wg1ZZUs_5digby10compressor5testss_29test_compressor_type_try_from
FN:48,_RNvMs0_NtCsgKx49t2KK1I_5digby10compressorNtB5_10Compressor10decompress
FN:37,_RNvMs0_NtCsgKx49t2KK1I_5digby10compressorNtB5_10Compressor3new
FN:41,_RNvMs0_NtCsgKx49t2KK1I_5digby10compressorNtB5_10Compressor8compress
FN:18,_RNvXNtCsgKx49t2KK1I_5digby10compressorNtB2_14CompressorTypeINtNtCs1X3mq3Q8b4t_4core7convert7TryFromhE8try_from
FN:28,_RNvXs_NtCsgKx49t2KK1I_5digby10compressorhINtNtCs1X3mq3Q8b4t_4core7convert4FromNtB4_14CompressorTypeE4from
FNDA:2,_RNvMs0_NtCskvx6Wg1ZZUs_5digby10compressorNtB5_10Compressor10decompress
FNDA:43,_RNvMs0_NtCskvx6Wg1ZZUs_5digby10compressorNtB5_10Compressor3new
FNDA:5,_RNvMs0_NtCskvx6Wg1ZZUs_5digby10compressorNtB5_10Compressor8compress
FNDA:30,_RNvXNtCskvx6Wg1ZZUs_5digby10compressorNtB2_14CompressorTypeINtNtCs1X3mq3Q8b4t_4core7convert7TryFromhE8try_from
FNDA:14,_RNvXs_NtCskvx6Wg1ZZUs_5digby10compressorhINtNtCs1X3mq3Q8b4t_4core7convert4FromNtB4_14CompressorTypeE4from
FNDA:1,_RNvNtNtCskvx6Wg1ZZUs_5digby10compressor5testss_19test_compressor_lz4
FNDA:1,_RNvNtNtCskvx6Wg1ZZUs_5digby10compressor5testss_20test_compressor_none
FNDA:1,_RNvNtNtCskvx6Wg1ZZUs_5digby10compressor5testss_25test_compressor_type_from
FNDA:1,_RNvNtNtCskvx6Wg1ZZUs_5digby10compressor5testss_29test_compressor_type_try_from
FNDA:4,_RNvMs0_NtCsgKx49t2KK1I_5digby10compressorNtB5_10Compressor10decompress
FNDA:25,_RNvMs0_NtCsgKx49t2KK1I_5digby10compressorNtB5_10Compressor3new
FNDA:4,_RNvMs0_NtCsgKx49t2KK1I_5digby10compressorNtB5_10Compressor8compress
FNDA:12,_RNvXNtCsgKx49t2KK1I_5digby10compressorNtB2_14CompressorTypeINtNtCs1X3mq3Q8b4t_4core7convert7TryFromhE8try_from
FNDA:13,_RNvXs_NtCsgKx49t2KK1I_5digby10compressorhINtNtCs1X3mq3Q8b4t_4core7convert4FromNtB4_14CompressorTypeE4from
FNF:9
FNH:9
DA:18,42
DA:19,42
DA:20,36
DA:21,5
DA:22,1
DA:24,42
DA:28,27
DA:29,27
DA:30,24
DA:31,3
DA:33,27
DA:37,68
DA:38,68
DA:39,68
DA:41,9
DA:42,9
DA:43,1
DA:44,8
DA:46,9
DA:48,6
DA:49,6
DA:50,1
DA:51,5
DA:53,6
DA:61,1
DA:62,1
DA:63,1
DA:64,1
DA:65,1
DA:68,1
DA:69,1
DA:70,1
DA:71,1
DA:74,1
DA:75,1
DA:76,1
DA:78,1
DA:79,1
DA:81,1
DA:82,1
DA:83,1
DA:86,1
DA:87,1
DA:89,1
DA:91,1
DA:93,1
DA:95,1
DA:96,1
DA:97,1
BRF:0
BRH:0
LF:49
LH:49
end_of_record
SF:/workspaces/digby/src/db.rs
FN:158,_RNvMNtCskvx6Wg1ZZUs_5digby2dbNtB2_2Db13get_from_tree
FN:28,_RNvMNtCskvx6Wg1ZZUs_5digby2dbNtB2_2Db18new_with_page_size
FN:152,_RNvMNtCskvx6Wg1ZZUs_5digby2dbNtB2_2Db3get
FN:24,_RNvMNtCskvx6Wg1ZZUs_5digby2dbNtB2_2Db3new
FN:186,_RNvMNtCskvx6Wg1ZZUs_5digby2dbNtB2_2Db3put
FN:253,_RNvMNtCskvx6Wg1ZZUs_5digby2dbNtB2_2Db5clear
FN:88,_RNvMNtCskvx6Wg1ZZUs_5digby2dbNtB2_2Db6delete
FN:819,_RNvMs0_NtCskvx6Wg1ZZUs_5digby2dbNtB5_2Db15get_master_page
FN:754,_RNvMs_NtCskvx6Wg1ZZUs_5digby2dbNtB4_2Db12init_db_file
FN:721,_RNvMs_NtCskvx6Wg1ZZUs_5digby2dbNtB4_2Db18check_db_integrity
FN:1296,_RNvNtNtCskvx6Wg1ZZUs_5digby2db5testss_10test_match
FN:1247,_RNvNtNtCskvx6Wg1ZZUs_5digby2db5testss_13test_db_clear
FN:861,_RNvNtNtCskvx6Wg1ZZUs_5digby2db5testss_16test_db_creation
FN:887,_RNvNtNtCskvx6Wg1ZZUs_5digby2db5testss_19test_db_store_value
FN:918,_RNvNtNtCskvx6Wg1ZZUs_5digby2db5testss_23test_db_store_two_value
FN:950,_RNvNtNtCskvx6Wg1ZZUs_5digby2db5testss_26test_db_store_value_delete
FN:1455,_RNvNtNtCskvx6Wg1ZZUs_5digby2db5testss_35test_db_store_value_with_encryption
FN:1311,_RNvNtNtCskvx6Wg1ZZUs_5digby2db5testss_37test_db_store_value_delete_small_page
FN:1117,_RNvNtNtCskvx6Wg1ZZUs_5digby2db5testss_44test_db_store_value_delete_small_page_random
FN:995,_RNvNtNtCskvx6Wg1ZZUs_5digby2db5testss_45test_db_store_value_delete_small_page_reverse
FN:1182,_RNvNtNtCskvx6Wg1ZZUs_5digby2db5testss_47test_db_store_value_delete_small_page_random_le
FN:1056,_RNvNtNtCskvx6Wg1ZZUs_5digby2db5testss_48test_db_store_value_delete_small_page_reverse_le
FN:1382,_RNvNtNtCskvx6Wg1ZZUs_5digby2db5testss_51test_db_store_value_delete_small_page_little_endian
FN:508,_RNvMNtCskvx6Wg1ZZUs_5digby2dbNtB2_2Db11clear_table
FN:309,_RNvMNtCskvx6Wg1ZZUs_5digby2dbNtB2_2Db12create_table
FN:512,_RNvMNtCskvx6Wg1ZZUs_5digby2dbNtB2_2Db12delete_table
FN:612,_RNvMNtCskvx6Wg1ZZUs_5digby2dbNtB2_2Db15get_table_entry
FN:412,_RNvMNtCskvx6Wg1ZZUs_5digby2dbNtB2_2Db15put_table_entry
FN:625,_RNvMNtCskvx6Wg1ZZUs_5digby2dbNtB2_2Db18delete_table_entry
FN:392,_RNvMNtCskvx6Wg1ZZUs_5digby2dbNtB2_2Db19get_table_tree_root
FN:516,_RNvMNtCskvx6Wg1ZZUs_5digby2dbNtB2_2Db23clear_table_with_delete
FN:848,_RNvXs1_NtCskvx6Wg1ZZUs_5digby2dbNtB5_2DbNtNtNtCs1X3mq3Q8b4t_4core3ops4drop4Drop4drop
FN:838,_RINvMs0_NtCskvx6Wg1ZZUs_5digby2dbNtB6_2Db13get_tuple_keyNtNtB8_14overflow_tuple13OverflowTupleEB8_
FN:830,_RINvMs0_NtCskvx6Wg1ZZUs_5digby2dbNtB6_2Db15get_tuple_valueNtNtB8_14overflow_tuple13OverflowTupleEB8_
FN:830,_RINvMs0_NtCskvx6Wg1ZZUs_5digby2dbNtB6_2Db15get_tuple_valueNtNtB8_5tuple5TupleEB8_
FN:764,_RNCNvMs_NtCskvx6Wg1ZZUs_5digby2dbNtB6_2Db12init_db_file0B8_
FN:777,_RNCNvMs_NtCskvx6Wg1ZZUs_5digby2dbNtB6_2Db12init_db_files0_0B8_
FN:787,_RNCNvMs_NtCskvx6Wg1ZZUs_5digby2dbNtB6_2Db12init_db_files1_0B8_
FN:796,_RNCNvMs_NtCskvx6Wg1ZZUs_5digby2dbNtB6_2Db12init_db_files2_0B8_
FN:797,_RNCNvMs_NtCskvx6Wg1ZZUs_5digby2dbNtB6_2Db12init_db_files3_0B8_
FN:770,_RNCNvMs_NtCskvx6Wg1ZZUs_5digby2dbNtB6_2Db12init_db_files_0B8_
FN:848,_RNvXs1_NtCsgKx49t2KK1I_5digby2dbNtB5_2DbNtNtNtCs1X3mq3Q8b4t_4core3ops4drop4Drop4drop
FN:838,_RINvMs0_NtCsgKx49t2KK1I_5digby2dbNtB6_2Db13get_tuple_keyNtNtB8_14overflow_tuple13OverflowTupleEB8_
FN:830,_RINvMs0_NtCsgKx49t2KK1I_5digby2dbNtB6_2Db15get_tuple_valueNtNtB8_14overflow_tuple13OverflowTupleEB8_
FN:830,_RINvMs0_NtCsgKx49t2KK1I_5digby2dbNtB6_2Db15get_tuple_valueNtNtB8_5tuple5TupleEB8_
FN:764,_RNCNvMs_NtCsgKx49t2KK1I_5digby2dbNtB6_2Db12init_db_file0B8_
FN:777,_RNCNvMs_NtCsgKx49t2KK1I_5digby2dbNtB6_2Db12init_db_files0_0B8_
FN:787,_RNCNvMs_NtCsgKx49t2KK1I_5digby2dbNtB6_2Db12init_db_files1_0B8_
FN:796,_RNCNvMs_NtCsgKx49t2KK1I_5digby2dbNtB6_2Db12init_db_files2_0B8_
FN:797,_RNCNvMs_NtCsgKx49t2KK1I_5digby2dbNtB6_2Db12init_db_files3_0B8_
FN:770,_RNCNvMs_NtCsgKx49t2KK1I_5digby2dbNtB6_2Db12init_db_files_0B8_
FN:508,_RNvMNtCsgKx49t2KK1I_5digby2dbNtB2_2Db11clear_table
FN:309,_RNvMNtCsgKx49t2KK1I_5digby2dbNtB2_2Db12create_table
FN:512,_RNvMNtCsgKx49t2KK1I_5digby2dbNtB2_2Db12delete_table
FN:158,_RNvMNtCsgKx49t2KK1I_5digby2dbNtB2_2Db13get_from_tree
FN:612,_RNvMNtCsgKx49t2KK1I_5digby2dbNtB2_2Db15get_table_entry
FN:412,_RNvMNtCsgKx49t2KK1I_5digby2dbNtB2_2Db15put_table_entry
FN:625,_RNvMNtCsgKx49t2KK1I_5digby2dbNtB2_2Db18delete_table_entry
FN:28,_RNvMNtCsgKx49t2KK1I_5digby2dbNtB2_2Db18new_with_page_size
FN:392,_RNvMNtCsgKx49t2KK1I_5digby2dbNtB2_2Db19get_table_tree_root
FN:516,_RNvMNtCsgKx49t2KK1I_5digby2dbNtB2_2Db23clear_table_with_delete
FN:152,_RNvMNtCsgKx49t2KK1I_5digby2dbNtB2_2Db3get
FN:24,_RNvMNtCsgKx49t2KK1I_5digby2dbNtB2_2Db3new
FN:186,_RNvMNtCsgKx49t2KK1I_5digby2dbNtB2_2Db3put
FN:253,_RNvMNtCsgKx49t2KK1I_5digby2dbNtB2_2Db5clear
FN:88,_RNvMNtCsgKx49t2KK1I_5digby2dbNtB2_2Db6delete
FN:819,_RNvMs0_NtCsgKx49t2KK1I_5digby2dbNtB5_2Db15get_master_page
FN:754,_RNvMs_NtCsgKx49t2KK1I_5digby2dbNtB4_2Db12init_db_file
FN:721,_RNvMs_NtCsgKx49t2KK1I_5digby2dbNtB4_2Db18check_db_integrity
FNDA:16847130,_RNvMNtCskvx6Wg1ZZUs_5digby2dbNtB2_2Db13get_from_tree
FNDA:39,_RNvMNtCskvx6Wg1ZZUs_5digby2dbNtB2_2Db18new_with_page_size
FNDA:16847130,_RNvMNtCskvx6Wg1ZZUs_5digby2dbNtB2_2Db3get
FNDA:12,_RNvMNtCskvx6Wg1ZZUs_5digby2dbNtB2_2Db3new
FNDA:24842,_RNvMNtCskvx6Wg1ZZUs_5digby2dbNtB2_2Db3put
FNDA:1,_RNvMNtCskvx6Wg1ZZUs_5digby2dbNtB2_2Db5clear
FNDA:24582,_RNvMNtCskvx6Wg1ZZUs_5digby2dbNtB2_2Db6delete
FNDA:16896555,_RNvMs0_NtCskvx6Wg1ZZUs_5digby2dbNtB5_2Db15get_master_page
FNDA:12,_RNvMs_NtCskvx6Wg1ZZUs_5digby2dbNtB4_2Db12init_db_file
FNDA:27,_RNvMs_NtCskvx6Wg1ZZUs_5digby2dbNtB4_2Db18check_db_integrity
FNDA:1,_RNvNtNtCskvx6Wg1ZZUs_5digby2db5testss_10test_match
FNDA:1,_RNvNtNtCskvx6Wg1ZZUs_5digby2db5testss_13test_db_clear
FNDA:1,_RNvNtNtCskvx6Wg1ZZUs_5digby2db5testss_16test_db_creation
FNDA:1,_RNvNtNtCskvx6Wg1ZZUs_5digby2db5testss_19test_db_store_value
FNDA:1,_RNvNtNtCskvx6Wg1ZZUs_5digby2db5testss_23test_db_store_two_value
FNDA:1,_RNvNtNtCskvx6Wg1ZZUs_5digby2db5testss_26test_db_store_value_delete
FNDA:1,_RNvNtNtCskvx6Wg1ZZUs_5digby2db5testss_35test_db_store_value_with_encryption
FNDA:1,_RNvNtNtCskvx6Wg1ZZUs_5digby2db5testss_37test_db_store_value_delete_small_page
FNDA:1,_RNvNtNtCskvx6Wg1ZZUs_5digby2db5testss_44test_db_store_value_delete_small_page_random
FNDA:1,_RNvNtNtCskvx6Wg1ZZUs_5digby2db5testss_45test_db_store_value_delete_small_page_reverse
FNDA:1,_RNvNtNtCskvx6Wg1ZZUs_5digby2db5testss_47test_db_store_value_delete_small_page_random_le
FNDA:1,_RNvNtNtCskvx6Wg1ZZUs_5digby2db5testss_48test_db_store_value_delete_small_page_reverse_le
FNDA:1,_RNvNtNtCskvx6Wg1ZZUs_5digby2db5testss_51test_db_store_value_delete_small_page_little_endian
FNDA:0,_RNvMNtCskvx6Wg1ZZUs_5digby2dbNtB2_2Db11clear_table
FNDA:0,_RNvMNtCskvx6Wg1ZZUs_5digby2dbNtB2_2Db12create_table
FNDA:0,_RNvMNtCskvx6Wg1ZZUs_5digby2dbNtB2_2Db12delete_table
FNDA:0,_RNvMNtCskvx6Wg1ZZUs_5digby2dbNtB2_2Db15get_table_entry
FNDA:0,_RNvMNtCskvx6Wg1ZZUs_5digby2dbNtB2_2Db15put_table_entry
FNDA:0,_RNvMNtCskvx6Wg1ZZUs_5digby2dbNtB2_2Db18delete_table_entry
FNDA:0,_RNvMNtCskvx6Wg1ZZUs_5digby2dbNtB2_2Db19get_table_tree_root
FNDA:0,_RNvMNtCskvx6Wg1ZZUs_5digby2dbNtB2_2Db23clear_table_with_delete
FNDA:39,_RNvXs1_NtCskvx6Wg1ZZUs_5digby2dbNtB5_2DbNtNtNtCs1X3mq3Q8b4t_4core3ops4drop4Drop4drop
FNDA:0,_RINvMs0_NtCskvx6Wg1ZZUs_5digby2dbNtB6_2Db13get_tuple_keyNtNtB8_14overflow_tuple13OverflowTupleEB8_
FNDA:0,_RINvMs0_NtCskvx6Wg1ZZUs_5digby2dbNtB6_2Db15get_tuple_valueNtNtB8_14overflow_tuple13OverflowTupleEB8_
FNDA:16822285,_RINvMs0_NtCskvx6Wg1ZZUs_5digby2dbNtB6_2Db15get_tuple_valueNtNtB8_5tuple5TupleEB8_
FNDA:120,_RNCNvMs_NtCskvx6Wg1ZZUs_5digby2dbNtB6_2Db12init_db_file0B8_
FNDA:96,_RNCNvMs_NtCskvx6Wg1ZZUs_5digby2dbNtB6_2Db12init_db_files0_0B8_
FNDA:84,_RNCNvMs_NtCskvx6Wg1ZZUs_5digby2dbNtB6_2Db12init_db_files1_0B8_
FNDA:72,_RNCNvMs_NtCskvx6Wg1ZZUs_5digby2dbNtB6_2Db12init_db_files2_0B8_
FNDA:60,_RNCNvMs_NtCskvx6Wg1ZZUs_5digby2dbNtB6_2Db12init_db_files3_0B8_
FNDA:108,_RNCNvMs_NtCskvx6Wg1ZZUs_5digby2dbNtB6_2Db12init_db_files_0B8_
FNDA:25,_RNvXs1_NtCsgKx49t2KK1I_5digby2dbNtB5_2DbNtNtNtCs1X3mq3Q8b4t_4core3ops4drop4Drop4drop
FNDA:35,_RINvMs0_NtCsgKx49t2KK1I_5digby2dbNtB6_2Db13get_tuple_keyNtNtB8_14overflow_tuple13OverflowTupleEB8_
FNDA:35,_RINvMs0_NtCsgKx49t2KK1I_5digby2dbNtB6_2Db15get_tuple_valueNtNtB8_14overflow_tuple13OverflowTupleEB8_
FNDA:5,_RINvMs0_NtCsgKx49t2KK1I_5digby2dbNtB6_2Db15get_tuple_valueNtNtB8_5tuple5TupleEB8_
FNDA:130,_RNCNvMs_NtCsgKx49t2KK1I_5digby2dbNtB6_2Db12init_db_file0B8_
FNDA:104,_RNCNvMs_NtCsgKx49t2KK1I_5digby2dbNtB6_2Db12init_db_files0_0B8_
FNDA:91,_RNCNvMs_NtCsgKx49t2KK1I_5digby2dbNtB6_2Db12init_db_files1_0B8_
FNDA:78,_RNCNvMs_NtCsgKx49t2KK1I_5digby2dbNtB6_2Db12init_db_files2_0B8_
FNDA:65,_RNCNvMs_NtCsgKx49t2KK1I_5digby2dbNtB6_2Db12init_db_files3_0B8_
FNDA:117,_RNCNvMs_NtCsgKx49t2KK1I_5digby2dbNtB6_2Db12init_db_files_0B8_
FNDA:1,_RNvMNtCsgKx49t2KK1I_5digby2dbNtB2_2Db11clear_table
FNDA:6,_RNvMNtCsgKx49t2KK1I_5digby2dbNtB2_2Db12create_table
FNDA:1,_RNvMNtCsgKx49t2KK1I_5digby2dbNtB2_2Db12delete_table
FNDA:78,_RNvMNtCsgKx49t2KK1I_5digby2dbNtB2_2Db13get_from_tree
FNDA:7,_RNvMNtCsgKx49t2KK1I_5digby2dbNtB2_2Db15get_table_entry
FNDA:5,_RNvMNtCsgKx49t2KK1I_5digby2dbNtB2_2Db15put_table_entry
FNDA:4,_RNvMNtCsgKx49t2KK1I_5digby2dbNtB2_2Db18delete_table_entry
FNDA:25,_RNvMNtCsgKx49t2KK1I_5digby2dbNtB2_2Db18new_with_page_size
FNDA:36,_RNvMNtCsgKx49t2KK1I_5digby2dbNtB2_2Db19get_table_tree_root
FNDA:2,_RNvMNtCsgKx49t2KK1I_5digby2dbNtB2_2Db23clear_table_with_delete
FNDA:71,_RNvMNtCsgKx49t2KK1I_5digby2dbNtB2_2Db3get
FNDA:22,_RNvMNtCsgKx49t2KK1I_5digby2dbNtB2_2Db3new
FNDA:35,_RNvMNtCsgKx49t2KK1I_5digby2dbNtB2_2Db3put
FNDA:1,_RNvMNtCsgKx49t2KK1I_5digby2dbNtB2_2Db5clear
FNDA:2,_RNvMNtCsgKx49t2KK1I_5digby2dbNtB2_2Db6delete
FNDA:158,_RNvMs0_NtCsgKx49t2KK1I_5digby2dbNtB5_2Db15get_master_page
FNDA:13,_RNvMs_NtCsgKx49t2KK1I_5digby2dbNtB4_2Db12init_db_file
FNDA:12,_RNvMs_NtCsgKx49t2KK1I_5digby2dbNtB4_2Db18check_db_integrity
FNF:40
FNH:40
DA:24,34
DA:25,34
DA:26,34
DA:28,64
DA:29,64
DA:30,64
DA:31,64
DA:32,64
DA:33,64
DA:37,64
DA:40,64
DA:41,62
DA:42,62
DA:43,62
DA:44,62
DA:45,62
DA:46,62
DA:47,23
DA:48,39
DA:49,2
DA:50,2
DA:51,2
DA:52,2
DA:53,2
DA:54,2
DA:55,2
DA:56,2
DA:57,2
DA:58,2
DA:59,2
DA:61,64
DA:64,64
DA:65,2
DA:66,2
DA:67,62
DA:68,62
DA:69,62
DA:70,62
DA:71,64
DA:73,64
DA:74,64
DA:75,64
DA:76,64
DA:78,64
DA:79,25
DA:80,25
DA:81,39
DA:82,39
DA:83,39
DA:84,39
DA:85,64
DA:86,64
DA:88,24584
DA:89,24584
DA:90,2
DA:92,24582
DA:96,24584
DA:99,24584
DA:100,24584
DA:103,24584
DA:104,24584
DA:105,24584
DA:106,24584
DA:107,24584
DA:110,24584
DA:111,24584
DA:112,24584
DA:113,24584
DA:114,24584
DA:115,24584
DA:116,24584
DA:117,24584
DA:118,24584
DA:119,24584
DA:120,1
DA:121,24583
DA:124,24583
DA:125,24583
DA:126,24583
DA:127,59475
DA:128,34892
DA:129,34892
DA:134,24583
DA:135,24583
DA:137,24583
DA:140,24583
DA:143,24583
DA:145,24583
DA:147,24583
DA:149,24583
DA:150,24584
DA:152,16847201
DA:153,16847201
DA:154,16847201
DA:155,16847201
DA:156,16847201
DA:158,16847208
DA:160,16847208
DA:162,16847208
DA:163,16847137
DA:164,16822290
DA:166,24847
DA:168,71
DA:171,71
DA:174,71
DA:176,71
DA:177,35
DA:178,35
DA:179,35
DA:180,35
DA:182,35
DA:183,35
DA:184,16847208
DA:186,24877
DA:188,24877
DA:191,24877
DA:192,24877
DA:196,24877
DA:197,24877
DA:198,24877
DA:199,24877
DA:200,24877
DA:204,24877
DA:205,24877
DA:206,24877
DA:207,24877
DA:208,24877
DA:209,24877
DA:210,24877
DA:215,24877
DA:216,24877
DA:217,24877
DA:218,24877
DA:219,24877
DA:220,24877
DA:221,24877
DA:222,24877
DA:227,24877
DA:228,24877
DA:229,24877
DA:230,58578
DA:231,33701
DA:232,33701
DA:237,24877
DA:238,24877
DA:240,24877
DA:243,24877
DA:246,24877
DA:248,24877
DA:250,24877
DA:251,24877
DA:253,2
DA:255,2
DA:258,2
DA:259,2
DA:263,2
DA:264,2
DA:265,2
DA:266,2
DA:267,2
DA:272,2
DA:273,2
DA:274,2
DA:275,2
DA:276,2
DA:277,2
DA:278,2
DA:283,2
DA:284,2
DA:285,2
DA:286,18
DA:287,16
DA:288,16
DA:293,2
DA:294,2
DA:296,2
DA:299,2
DA:302,2
DA:304,2
DA:306,2
DA:307,2
DA:309,6
DA:311,6
DA:312,6
DA:313,1
DA:317,5
DA:322,5
DA:323,5
DA:327,5
DA:328,5
DA:329,5
DA:330,5
DA:331,5
DA:334,5
DA:335,5
DA:336,5
DA:337,5
DA:338,5
DA:340,5
DA:343,5
DA:344,5
DA:345,5
DA:346,5
DA:347,5
DA:348,5
DA:349,5
DA:354,5
DA:355,5
DA:356,5
DA:357,5
DA:358,5
DA:359,5
DA:360,5
DA:361,5
DA:366,5
DA:367,5
DA:368,5
DA:369,10
DA:370,5
DA:371,5
DA:376,5
DA:377,5
DA:379,5
DA:382,5
DA:385,5
DA:387,5
DA:389,5
DA:390,5
DA:392,36
DA:393,36
DA:394,36
DA:395,1
DA:397,35
DA:398,35
DA:400,35
DA:402,35
DA:403,26
DA:404,26
DA:405,26
DA:406,26
DA:408,9
DA:410,35
DA:412,5
DA:413,5
DA:414,5
DA:415,1
DA:419,4
DA:420,4
DA:421,1
DA:422,1
DA:423,3
DA:424,4
DA:427,4
DA:430,4
DA:431,4
DA:435,4
DA:436,4
DA:437,4
DA:438,4
DA:439,4
DA:443,4
DA:444,4
DA:445,4
DA:446,4
DA:447,4
DA:448,4
DA:449,4
DA:452,4
DA:453,4
DA:454,4
DA:455,4
DA:456,4
DA:457,4
DA:458,4
DA:461,4
DA:462,4
DA:463,4
DA:464,4
DA:465,4
DA:466,4
DA:467,4
DA:470,4
DA:471,4
DA:472,4
DA:473,4
DA:474,4
DA:475,4
DA:476,4
DA:477,4
DA:482,4
DA:483,4
DA:484,4
DA:485,8
DA:486,4
DA:487,4
DA:492,4
DA:493,4
DA:495,4
DA:498,4
DA:501,4
DA:503,4
DA:505,4
DA:506,4
DA:508,1
DA:509,1
DA:510,1
DA:512,1
DA:513,1
DA:514,1
DA:516,2
DA:517,2
DA:518,2
DA:519,0
DA:522,2
DA:523,2
DA:524,0
DA:525,0
DA:526,2
DA:527,2
DA:530,2
DA:533,2
DA:534,2
DA:538,2
DA:539,2
DA:540,2
DA:541,2
DA:542,2
DA:545,2
DA:546,2
DA:547,2
DA:548,2
DA:549,2
DA:550,2
DA:553,2
DA:554,2
DA:556,2
DA:557,1
DA:558,1
DA:559,1
DA:560,1
DA:561,1
DA:562,1
DA:563,1
DA:564,1
DA:565,1
DA:567,1
DA:568,1
DA:569,1
DA:570,1
DA:571,1
DA:572,1
DA:573,1
DA:575,1
DA:576,1
DA:577,1
DA:578,1
DA:579,1
DA:580,1
DA:586,2
DA:587,2
DA:588,2
DA:589,4
DA:590,2
DA:591,2
DA:596,2
DA:597,2
DA:599,2
DA:602,2
DA:605,2
DA:607,2
DA:609,2
DA:610,2
DA:612,7
DA:613,7
DA:614,7
DA:615,0
DA:618,7
DA:619,7
DA:621,7
DA:622,7
DA:623,7
DA:625,4
DA:626,4
DA:627,4
DA:628,0
DA:631,4
DA:632,4
DA:634,1
DA:635,3
DA:636,3
DA:638,3
DA:639,1
DA:641,2
DA:645,3
DA:648,3
DA:649,3
DA:652,3
DA:653,3
DA:654,3
DA:655,3
DA:656,3
DA:659,3
DA:660,3
DA:661,3
DA:662,3
DA:663,3
DA:664,3
DA:665,3
DA:666,3
DA:667,3
DA:668,2
DA:669,1
DA:671,1
DA:672,1
DA:673,1
DA:674,1
DA:675,1
DA:676,1
DA:677,1
DA:680,1
DA:681,1
DA:682,1
DA:683,1
DA:684,1
DA:685,1
DA:686,1
DA:687,1
DA:691,1
DA:692,1
DA:693,1
DA:694,2
DA:695,1
DA:696,1
DA:701,1
DA:702,1
DA:704,1
DA:707,1
DA:710,1
DA:712,1
DA:714,1
DA:716,1
DA:717,4
DA:721,39
DA:722,39
DA:723,39
DA:724,0
DA:725,0
DA:726,0
DA:729,39
DA:730,39
DA:731,39
DA:732,39
DA:733,0
DA:734,0
DA:735,0
DA:738,39
DA:739,39
DA:740,39
DA:741,39
DA:742,17
DA:744,22
DA:746,39
DA:747,39
DA:748,39
DA:749,39
DA:751,39
DA:752,39
DA:754,25
DA:757,25
DA:758,25
DA:761,25
DA:762,25
DA:764,250
DA:765,25
DA:768,25
DA:770,225
DA:771,25
DA:774,25
DA:775,25
DA:777,200
DA:778,25
DA:779,25
DA:780,25
DA:781,25
DA:784,25
DA:785,25
DA:787,175
DA:788,25
DA:789,25
DA:790,25
DA:791,25
DA:794,25
DA:796,150
DA:797,125
DA:798,25
DA:799,25
DA:802,25
DA:805,25
DA:806,25
DA:807,25
DA:808,25
DA:809,25
DA:811,25
DA:813,25
DA:814,25
DA:815,25
DA:819,16896713
DA:820,16896713
DA:821,16896713
DA:823,16896713
DA:824,8450262
DA:826,8446451
DA:828,16896713
DA:830,16822325
DA:831,16822325
DA:832,16822325
DA:833,2
DA:834,16822323
DA:835,16822323
DA:836,16822325
DA:838,35
DA:839,35
DA:840,35
DA:841,2
DA:842,33
DA:843,33
DA:844,35
DA:848,64
DA:849,64
DA:850,64
DA:861,1
DA:862,1
DA:863,1
DA:864,1
DA:865,1
DA:866,1
DA:867,1
DA:868,1
DA:869,1
DA:871,1
DA:872,1
DA:873,1
DA:874,1
DA:876,1
DA:877,1
DA:878,1
DA:879,1
DA:880,1
DA:881,1
DA:883,1
DA:884,1
DA:887,1
DA:888,1
DA:889,1
DA:890,1
DA:892,1
DA:893,1
DA:894,1
DA:895,1
DA:897,1
DA:898,1
DA:903,1
DA:904,1
DA:905,1
DA:906,1
DA:908,1
DA:909,1
DA:911,1
DA:912,1
DA:918,1
DA:919,1
DA:920,1
DA:921,1
DA:922,1
DA:923,1
DA:924,1
DA:925,1
DA:926,1
DA:927,1
DA:928,1
DA:929,1
DA:930,1
DA:931,1
DA:932,1
DA:936,1
DA:937,1
DA:938,1
DA:939,1
DA:941,1
DA:942,1
DA:943,1
DA:944,1
DA:946,1
DA:947,1
DA:950,1
DA:951,1
DA:952,1
DA:953,1
DA:954,1
DA:955,1
DA:956,1
DA:957,1
DA:958,1
DA:959,1
DA:960,1
DA:961,1
DA:965,1
DA:966,1
DA:967,1
DA:968,1
DA:970,1
DA:971,1
DA:974,1
DA:975,1
DA:976,1
DA:977,1
DA:979,1
DA:980,1
DA:983,1
DA:984,1
DA:985,1
DA:986,1
DA:988,1
DA:989,1
DA:991,1
DA:992,1
DA:995,1
DA:996,1
DA:997,1
DA:999,1
DA:1000,1
DA:1001,1
DA:1002,1
DA:1005,4097
DA:1006,4097
DA:1007,4097
DA:1012,1
DA:1013,1
DA:1014,1
DA:1015,1
DA:1018,4097
DA:1019,4097
DA:1020,4097
DA:1024,1
DA:1025,1
DA:1026,1
DA:1027,1
DA:1030,4097
DA:1031,4097
DA:1032,4097
DA:1033,4097
DA:1034,4097
DA:1035,0
DA:1036,4097
DA:1037,4097
DA:1038,4097
DA:1042,1
DA:1043,1
DA:1044,1
DA:1045,1
DA:1048,1
DA:1049,1
DA:1050,1
DA:1052,1
DA:1053,1
DA:1056,1
DA:1057,1
DA:1058,1
DA:1060,1
DA:1061,1
DA:1062,1
DA:1063,1
DA:1066,4097
DA:1067,4097
DA:1068,4097
DA:1073,1
DA:1074,1
DA:1075,1
DA:1076,1
DA:1079,4097
DA:1080,4097
DA:1081,4097
DA:1085,1
DA:1086,1
DA:1087,1
DA:1088,1
DA:1091,4097
DA:1092,4097
DA:1093,4097
DA:1094,4097
DA:1095,4097
DA:1096,0
DA:1097,4097
DA:1098,4097
DA:1099,4097
DA:1103,1
DA:1104,1
DA:1105,1
DA:1106,1
DA:1109,1
DA:1110,1
DA:1111,1
DA:1113,1
DA:1114,1
DA:1117,1
DA:1118,1
DA:1119,1
DA:1121,1
DA:1122,1
DA:1123,1
DA:1124,1
DA:1127,1
DA:1128,1
DA:1129,1
DA:1130,4098
DA:1131,4097
DA:1132,4097
DA:1137,1
DA:1138,1
DA:1139,1
DA:1140,1
DA:1143,4097
DA:1144,4097
DA:1145,4097
DA:1149,1
DA:1150,1
DA:1151,1
DA:1152,1
DA:1155,1
DA:1156,1
DA:1157,1
DA:1158,4098
DA:1159,4097
DA:1160,4097
DA:1161,4097
DA:1162,4097
DA:1163,4097
DA:1164,4097
DA:1168,1
DA:1169,1
DA:1170,1
DA:1171,1
DA:1174,1
DA:1175,1
DA:1176,1
DA:1178,1
DA:1179,1
DA:1182,1
DA:1183,1
DA:1184,1
DA:1186,1
DA:1187,1
DA:1188,1
DA:1189,1
DA:1192,1
DA:1193,1
DA:1194,1
DA:1195,4098
DA:1196,4097
DA:1197,4097
DA:1202,1
DA:1203,1
DA:1204,1
DA:1205,1
DA:1208,4097
DA:1209,4097
DA:1210,4097
DA:1214,1
DA:1215,1
DA:1216,1
DA:1217,1
DA:1220,1
DA:1221,1
DA:1222,1
DA:1223,4098
DA:1224,4097
DA:1225,4097
DA:1226,4097
DA:1227,4097
DA:1228,4097
DA:1229,4097
DA:1233,1
DA:1234,1
DA:1235,1
DA:1236,1
DA:1239,1
DA:1240,1
DA:1241,1
DA:1243,1
DA:1244,1
DA:1247,1
DA:1248,1
DA:1250,1
DA:1251,1
DA:1252,1
DA:1253,1
DA:1256,1
DA:1257,1
DA:1258,1
DA:1259,258
DA:1260,257
DA:1261,257
DA:1266,1
DA:1267,1
DA:1268,1
DA:1269,1
DA:1272,1
DA:1273,1
DA:1274,1
DA:1275,1
DA:1278,1
DA:1279,1
DA:1280,1
DA:1281,1
DA:1284,1
DA:1285,1
DA:1286,1
DA:1287,258
DA:1288,257
DA:1289,257
DA:1292,1
DA:1293,1
DA:1296,1
DA:1298,1
DA:1299,1
DA:1300,1
DA:1302,1
DA:1303,1
DA:1304,1
DA:1305,1
DA:1306,1
DA:1307,1
DA:1308,1
DA:1311,1
DA:1312,1
DA:1313,1
DA:1315,1
DA:1316,1
DA:1317,1
DA:1318,1
DA:1321,4096
DA:1322,4096
DA:1323,8386560
DA:1324,8386560
DA:1325,8386560
DA:1332,1
DA:1333,1
DA:1334,1
DA:1335,1
DA:1338,4096
DA:1339,4096
DA:1340,4096
DA:1341,0
DA:1342,4096
DA:1343,4096
DA:1344,4096
DA:1350,1
DA:1351,1
DA:1352,1
DA:1353,1
DA:1356,4096
DA:1357,4096
DA:1358,4096
DA:1359,4096
DA:1360,4096
DA:1361,0
DA:1362,4096
DA:1363,4096
DA:1364,4096
DA:1368,1
DA:1369,1
DA:1370,1
DA:1371,1
DA:1374,1
DA:1375,1
DA:1376,1
DA:1378,1
DA:1379,1
DA:1382,1
DA:1383,1
DA:1384,1
DA:1386,1
DA:1387,1
DA:1388,1
DA:1389,1
DA:1392,4096
DA:1393,4096
DA:1394,8386560
DA:1395,8386560
DA:1396,8386560
DA:1397,0
DA:1398,8386560
DA:1405,1
DA:1406,1
DA:1407,1
DA:1408,1
DA:1411,4096
DA:1412,4096
DA:1413,4096
DA:1414,0
DA:1415,4096
DA:1416,4096
DA:1417,4096
DA:1423,1
DA:1424,1
DA:1425,1
DA:1426,1
DA:1429,4096
DA:1430,4096
DA:1431,4096
DA:1432,4096
DA:1433,4096
DA:1434,0
DA:1435,4096
DA:1436,4096
DA:1437,4096
DA:1441,1
DA:1442,1
DA:1443,1
DA:1444,1
DA:1447,1
DA:1448,1
DA:1449,1
DA:1451,1
DA:1452,1
DA:1455,1
DA:1456,1
DA:1457,1
DA:1458,1
DA:1459,1
DA:1460,1
DA:1461,1
DA:1462,1
DA:1463,1
DA:1464,1
DA:1465,1
DA:1466,1
DA:1470,1
DA:1471,1
DA:1472,1
DA:1473,1
DA:1475,1
DA:1476,1
DA:1478,1
DA:1479,1
BRF:0
BRH:0
LF:951
LH:930
end_of_record
SF:/workspaces/digby/src/db_master_page.rs
FN:16,_RNvXNtCskvx6Wg1ZZUs_5digby14db_master_pageNtB2_12DbMasterPageNtNtB4_4page9PageTrait14get_page_bytes
FN:24,_RNvXNtCskvx6Wg1ZZUs_5digby14db_master_pageNtB2_12DbMasterPageNtNtB4_4page9PageTrait15set_page_number
FN:122,_RNvNtNtCskvx6Wg1ZZUs_5digby14db_master_page5testss_14test_head_page
FN:139,_RNvNtNtCskvx6Wg1ZZUs_5digby14db_master_page5testss_15test_create_new
FN:151,_RNvNtNtCskvx6Wg1ZZUs_5digby14db_master_page5testss_20test_from_page_valid
FN:169,_RNvNtNtCskvx6Wg1ZZUs_5digby14db_master_page5testss_21test_flip_page_number
FN:162,_RNvNtNtCskvx6Wg1ZZUs_5digby14db_master_page5testss_27test_from_page_invalid_type
FN:42,_RNvMs_NtCskvx6Wg1ZZUs_5digby14db_master_pageNtB4_12DbMasterPage10create_new
FN:110,_RNvMs_NtCskvx6Wg1ZZUs_5digby14db_master_pageNtB4_12DbMasterPage16flip_page_number
FN:104,_RNvMs_NtCskvx6Wg1ZZUs_5digby14db_master_pageNtB4_12DbMasterPage17get_u64_at_offset
FN:96,_RNvMs_NtCskvx6Wg1ZZUs_5digby14db_master_pageNtB4_12DbMasterPage17set_u64_at_offset
FN:88,_RNvMs_NtCskvx6Wg1ZZUs_5digby14db_master_pageNtB4_12DbMasterPage21get_table_dir_page_no
FN:92,_RNvMs_NtCskvx6Wg1ZZUs_5digby14db_master_pageNtB4_12DbMasterPage21set_table_dir_page_no
FN:79,_RNvMs_NtCskvx6Wg1ZZUs_5digby14db_master_pageNtB4_12DbMasterPage25get_free_page_dir_page_no
FN:83,_RNvMs_NtCskvx6Wg1ZZUs_5digby14db_master_pageNtB4_12DbMasterPage25set_free_page_dir_page_no
FN:70,_RNvMs_NtCskvx6Wg1ZZUs_5digby14db_master_pageNtB4_12DbMasterPage28get_global_tree_root_page_no
FN:74,_RNvMs_NtCskvx6Wg1ZZUs_5digby14db_master_pageNtB4_12DbMasterPage28set_global_tree_root_page_no
FN:51,_RNvMs_NtCskvx6Wg1ZZUs_5digby14db_master_pageNtB4_12DbMasterPage3new
FN:61,_RNvMs_NtCskvx6Wg1ZZUs_5digby14db_master_pageNtB4_12DbMasterPage9from_page
FN:32,_RNvXNtCskvx6Wg1ZZUs_5digby14db_master_pageNtB2_12DbMasterPageNtNtB4_4page9PageTrait11get_version
FN:36,_RNvXNtCskvx6Wg1ZZUs_5digby14db_master_pageNtB2_12DbMasterPageNtNtB4_4page9PageTrait11set_version
FN:20,_RNvXNtCskvx6Wg1ZZUs_5digby14db_master_pageNtB2_12DbMasterPageNtNtB4_4page9PageTrait15get_page_number
FN:28,_RNvXNtCskvx6Wg1ZZUs_5digby14db_master_pageNtB2_12DbMasterPageNtNtB4_4page9PageTrait8get_page
FN:42,_RNvMs_NtCsgKx49t2KK1I_5digby14db_master_pageNtB4_12DbMasterPage10create_new
FN:110,_RNvMs_NtCsgKx49t2KK1I_5digby14db_master_pageNtB4_12DbMasterPage16flip_page_number
FN:104,_RNvMs_NtCsgKx49t2KK1I_5digby14db_master_pageNtB4_12DbMasterPage17get_u64_at_offset
FN:96,_RNvMs_NtCsgKx49t2KK1I_5digby14db_master_pageNtB4_12DbMasterPage17set_u64_at_offset
FN:88,_RNvMs_NtCsgKx49t2KK1I_5digby14db_master_pageNtB4_12DbMasterPage21get_table_dir_page_no
FN:92,_RNvMs_NtCsgKx49t2KK1I_5digby14db_master_pageNtB4_12DbMasterPage21set_table_dir_page_no
FN:79,_RNvMs_NtCsgKx49t2KK1I_5digby14db_master_pageNtB4_12DbMasterPage25get_free_page_dir_page_no
FN:83,_RNvMs_NtCsgKx49t2KK1I_5digby14db_master_pageNtB4_12DbMasterPage25set_free_page_dir_page_no
FN:70,_RNvMs_NtCsgKx49t2KK1I_5digby14db_master_pageNtB4_12DbMasterPage28get_global_tree_root_page_no
FN:74,_RNvMs_NtCsgKx49t2KK1I_5digby14db_master_pageNtB4_12DbMasterPage28set_global_tree_root_page_no
FN:51,_RNvMs_NtCsgKx49t2KK1I_5digby14db_master_pageNtB4_12DbMasterPage3new
FN:61,_RNvMs_NtCsgKx49t2KK1I_5digby14db_master_pageNtB4_12DbMasterPage9from_page
FN:32,_RNvXNtCsgKx49t2KK1I_5digby14db_master_pageNtB2_12DbMasterPageNtNtB4_4page9PageTrait11get_version
FN:36,_RNvXNtCsgKx49t2KK1I_5digby14db_master_pageNtB2_12DbMasterPageNtNtB4_4page9PageTrait11set_version
FN:16,_RNvXNtCsgKx49t2KK1I_5digby14db_master_pageNtB2_12DbMasterPageNtNtB4_4page9PageTrait14get_page_bytes
FN:20,_RNvXNtCsgKx49t2KK1I_5digby14db_master_pageNtB2_12DbMasterPageNtNtB4_4page9PageTrait15get_page_number
FN:24,_RNvXNtCsgKx49t2KK1I_5digby14db_master_pageNtB2_12DbMasterPageNtNtB4_4page9PageTrait15set_page_number
FN:28,_RNvXNtCsgKx49t2KK1I_5digby14db_master_pageNtB2_12DbMasterPageNtNtB4_4page9PageTrait8get_page
FNDA:0,_RNvXNtCskvx6Wg1ZZUs_5digby14db_master_pageNtB2_12DbMasterPageNtNtB4_4page9PageTrait14get_page_bytes
FNDA:0,_RNvXNtCskvx6Wg1ZZUs_5digby14db_master_pageNtB2_12DbMasterPageNtNtB4_4page9PageTrait15set_page_number
FNDA:1,_RNvNtNtCskvx6Wg1ZZUs_5digby14db_master_page5testss_14test_head_page
FNDA:1,_RNvNtNtCskvx6Wg1ZZUs_5digby14db_master_page5testss_15test_create_new
FNDA:1,_RNvNtNtCskvx6Wg1ZZUs_5digby14db_master_page5testss_20test_from_page_valid
FNDA:1,_RNvNtNtCskvx6Wg1ZZUs_5digby14db_master_page5testss_21test_flip_page_number
FNDA:1,_RNvNtNtCskvx6Wg1ZZUs_5digby14db_master_page5testss_27test_from_page_invalid_type
FNDA:26,_RNvMs_NtCskvx6Wg1ZZUs_5digby14db_master_pageNtB4_12DbMasterPage10create_new
FNDA:49426,_RNvMs_NtCskvx6Wg1ZZUs_5digby14db_master_pageNtB4_12DbMasterPage16flip_page_number
FNDA:16946014,_RNvMs_NtCskvx6Wg1ZZUs_5digby14db_master_pageNtB4_12DbMasterPage17get_u64_at_offset
FNDA:98923,_RNvMs_NtCskvx6Wg1ZZUs_5digby14db_master_pageNtB4_12DbMasterPage17set_u64_at_offset
FNDA:2,_RNvMs_NtCskvx6Wg1ZZUs_5digby14db_master_pageNtB4_12DbMasterPage21get_table_dir_page_no
FNDA:25,_RNvMs_NtCskvx6Wg1ZZUs_5digby14db_master_pageNtB4_12DbMasterPage21set_table_dir_page_no
FNDA:49455,_RNvMs_NtCskvx6Wg1ZZUs_5digby14db_master_pageNtB4_12DbMasterPage25get_free_page_dir_page_no
FNDA:49449,_RNvMs_NtCskvx6Wg1ZZUs_5digby14db_master_pageNtB4_12DbMasterPage25set_free_page_dir_page_no
FNDA:16896557,_RNvMs_NtCskvx6Wg1ZZUs_5digby14db_master_pageNtB4_12DbMasterPage28get_global_tree_root_page_no
FNDA:49449,_RNvMs_NtCskvx6Wg1ZZUs_5digby14db_master_pageNtB4_12DbMasterPage28set_global_tree_root_page_no
FNDA:28,_RNvMs_NtCskvx6Wg1ZZUs_5digby14db_master_pageNtB4_12DbMasterPage3new
FNDA:33793168,_RNvMs_NtCskvx6Wg1ZZUs_5digby14db_master_pageNtB4_12DbMasterPage9from_page
FNDA:33842619,_RNvXNtCskvx6Wg1ZZUs_5digby14db_master_pageNtB2_12DbMasterPageNtNtB4_4page9PageTrait11get_version
FNDA:49453,_RNvXNtCskvx6Wg1ZZUs_5digby14db_master_pageNtB2_12DbMasterPageNtNtB4_4page9PageTrait11set_version
FNDA:49430,_RNvXNtCskvx6Wg1ZZUs_5digby14db_master_pageNtB2_12DbMasterPageNtNtB4_4page9PageTrait15get_page_number
FNDA:49449,_RNvXNtCskvx6Wg1ZZUs_5digby14db_master_pageNtB2_12DbMasterPageNtNtB4_4page9PageTrait8get_page
FNDA:26,_RNvMs_NtCsgKx49t2KK1I_5digby14db_master_pageNtB4_12DbMasterPage10create_new
FNDA:50,_RNvMs_NtCsgKx49t2KK1I_5digby14db_master_pageNtB4_12DbMasterPage16flip_page_number
FNDA:220,_RNvMs_NtCsgKx49t2KK1I_5digby14db_master_pageNtB4_12DbMasterPage17get_u64_at_offset
FNDA:178,_RNvMs_NtCsgKx49t2KK1I_5digby14db_master_pageNtB4_12DbMasterPage17set_u64_at_offset
FNDA:47,_RNvMs_NtCsgKx49t2KK1I_5digby14db_master_pageNtB4_12DbMasterPage21get_table_dir_page_no
FNDA:38,_RNvMs_NtCsgKx49t2KK1I_5digby14db_master_pageNtB4_12DbMasterPage21set_table_dir_page_no
FNDA:64,_RNvMs_NtCsgKx49t2KK1I_5digby14db_master_pageNtB4_12DbMasterPage25get_free_page_dir_page_no
FNDA:76,_RNvMs_NtCsgKx49t2KK1I_5digby14db_master_pageNtB4_12DbMasterPage25set_free_page_dir_page_no
FNDA:109,_RNvMs_NtCsgKx49t2KK1I_5digby14db_master_pageNtB4_12DbMasterPage28get_global_tree_root_page_no
FNDA:64,_RNvMs_NtCsgKx49t2KK1I_5digby14db_master_pageNtB4_12DbMasterPage28set_global_tree_root_page_no
FNDA:26,_RNvMs_NtCsgKx49t2KK1I_5digby14db_master_pageNtB4_12DbMasterPage3new
FNDA:340,_RNvMs_NtCsgKx49t2KK1I_5digby14db_master_pageNtB4_12DbMasterPage9from_page
FNDA:404,_RNvXNtCsgKx49t2KK1I_5digby14db_master_pageNtB2_12DbMasterPageNtNtB4_4page9PageTrait11get_version
FNDA:76,_RNvXNtCsgKx49t2KK1I_5digby14db_master_pageNtB2_12DbMasterPageNtNtB4_4page9PageTrait11set_version
FNDA:0,_RNvXNtCsgKx49t2KK1I_5digby14db_master_pageNtB2_12DbMasterPageNtNtB4_4page9PageTrait14get_page_bytes
FNDA:50,_RNvXNtCsgKx49t2KK1I_5digby14db_master_pageNtB2_12DbMasterPageNtNtB4_4page9PageTrait15get_page_number
FNDA:0,_RNvXNtCsgKx49t2KK1I_5digby14db_master_pageNtB2_12DbMasterPageNtNtB4_4page9PageTrait15set_page_number
FNDA:76,_RNvXNtCsgKx49t2KK1I_5digby14db_master_pageNtB2_12DbMasterPageNtNtB4_4page9PageTrait8get_page
FNF:23
FNH:21
DA:16,0
DA:17,0
DA:18,0
DA:20,49480
DA:21,49480
DA:22,49480
DA:24,0
DA:25,0
DA:26,0
DA:28,49525
DA:29,49525
DA:30,49525
DA:32,33843023
DA:33,33843023
DA:34,33843023
DA:36,49529
DA:37,49529
DA:38,49529
DA:42,52
DA:43,52
DA:44,52
DA:45,52
DA:46,52
DA:47,52
DA:49,52
DA:51,54
DA:52,54
DA:53,54
DA:54,54
DA:55,54
DA:56,54
DA:57,54
DA:58,54
DA:59,54
DA:61,33793508
DA:62,33793508
DA:63,1
DA:64,33793507
DA:66,33793507
DA:67,33793507
DA:70,16896666
DA:71,16896666
DA:72,16896666
DA:74,49513
DA:75,49513
DA:76,49513
DA:79,49519
DA:80,49519
DA:81,49519
DA:83,49525
DA:84,49525
DA:85,49525
DA:88,49
DA:89,49
DA:90,49
DA:92,63
DA:93,63
DA:94,63
DA:96,99101
DA:97,99101
DA:98,99101
DA:99,99101
DA:100,99101
DA:101,99101
DA:102,99101
DA:104,16946234
DA:105,16946234
DA:106,16946234
DA:107,16946234
DA:108,16946234
DA:110,49476
DA:111,49476
DA:112,49476
DA:113,49476
DA:114,49476
DA:122,1
DA:123,1
DA:124,1
DA:125,1
DA:126,1
DA:127,1
DA:128,1
DA:129,1
DA:130,1
DA:131,1
DA:132,1
DA:133,1
DA:134,1
DA:135,1
DA:136,1
DA:139,1
DA:140,1
DA:141,1
DA:142,1
DA:143,1
DA:144,1
DA:145,1
DA:146,1
DA:147,1
DA:148,1
DA:151,1
DA:152,1
DA:153,1
DA:154,1
DA:156,1
DA:157,1
DA:158,1
DA:162,1
DA:163,1
DA:164,1
DA:165,1
DA:166,1
DA:169,1
DA:170,1
DA:171,1
DA:172,1
DA:174,1
DA:175,1
DA:176,1
BRF:0
BRH:0
LF:119
LH:113
end_of_record
SF:/workspaces/digby/src/db_root_page.rs
FN:154,_RNvNtNtCskvx6Wg1ZZUs_5digby12db_root_page5testss_15test_create_new
FN:169,_RNvNtNtCskvx6Wg1ZZUs_5digby12db_root_page5testss_20test_from_page_valid
FN:213,_RNvNtNtCskvx6Wg1ZZUs_5digby12db_root_page5testss_24test_setters_and_getters
FN:187,_RNvNtNtCskvx6Wg1ZZUs_5digby12db_root_page5testss_27test_from_page_invalid_type
FN:195,_RNvNtNtCskvx6Wg1ZZUs_5digby12db_root_page5testss_34test_from_page_invalid_page_number
FN:204,_RNvNtNtCskvx6Wg1ZZUs_5digby12db_root_page5testss_35test_from_page_invalid_magic_number
FN:17,_RNvXNtCskvx6Wg1ZZUs_5digby12db_root_pageNtB2_10DbRootPageNtNtB4_4page9PageTrait14get_page_bytes
FN:25,_RNvXNtCskvx6Wg1ZZUs_5digby12db_root_pageNtB2_10DbRootPageNtNtB4_4page9PageTrait15set_page_number
FN:47,_RNvMs_NtCskvx6Wg1ZZUs_5digby12db_root_pageNtB4_10DbRootPage10create_new
FN:120,_RNvMs_NtCskvx6Wg1ZZUs_5digby12db_root_pageNtB4_10DbRootPage15get_sanity_type
FN:126,_RNvMs_NtCskvx6Wg1ZZUs_5digby12db_root_pageNtB4_10DbRootPage15set_sanity_type
FN:78,_RNvMs_NtCskvx6Wg1ZZUs_5digby12db_root_pageNtB4_10DbRootPage16get_magic_number
FN:84,_RNvMs_NtCskvx6Wg1ZZUs_5digby12db_root_pageNtB4_10DbRootPage16set_magic_number
FN:134,_RNvMs_NtCskvx6Wg1ZZUs_5digby12db_root_pageNtB4_10DbRootPage20get_compression_type
FN:92,_RNvMs_NtCskvx6Wg1ZZUs_5digby12db_root_pageNtB4_10DbRootPage20get_db_major_version
FN:106,_RNvMs_NtCskvx6Wg1ZZUs_5digby12db_root_pageNtB4_10DbRootPage20get_db_minor_version
FN:140,_RNvMs_NtCskvx6Wg1ZZUs_5digby12db_root_pageNtB4_10DbRootPage20set_compression_type
FN:98,_RNvMs_NtCskvx6Wg1ZZUs_5digby12db_root_pageNtB4_10DbRootPage20set_db_major_version
FN:112,_RNvMs_NtCskvx6Wg1ZZUs_5digby12db_root_pageNtB4_10DbRootPage20set_db_minor_version
FN:51,_RNvMs_NtCskvx6Wg1ZZUs_5digby12db_root_pageNtB4_10DbRootPage3new
FN:63,_RNvMs_NtCskvx6Wg1ZZUs_5digby12db_root_pageNtB4_10DbRootPage9from_page
FN:33,_RNvXNtCskvx6Wg1ZZUs_5digby12db_root_pageNtB2_10DbRootPageNtNtB4_4page9PageTrait11get_version
FN:37,_RNvXNtCskvx6Wg1ZZUs_5digby12db_root_pageNtB2_10DbRootPageNtNtB4_4page9PageTrait11set_version
FN:21,_RNvXNtCskvx6Wg1ZZUs_5digby12db_root_pageNtB2_10DbRootPageNtNtB4_4page9PageTrait15get_page_number
FN:29,_RNvXNtCskvx6Wg1ZZUs_5digby12db_root_pageNtB2_10DbRootPageNtNtB4_4page9PageTrait8get_page
FN:47,_RNvMs_NtCsgKx49t2KK1I_5digby12db_root_pageNtB4_10DbRootPage10create_new
FN:120,_RNvMs_NtCsgKx49t2KK1I_5digby12db_root_pageNtB4_10DbRootPage15get_sanity_type
FN:126,_RNvMs_NtCsgKx49t2KK1I_5digby12db_root_pageNtB4_10DbRootPage15set_sanity_type
FN:78,_RNvMs_NtCsgKx49t2KK1I_5digby12db_root_pageNtB4_10DbRootPage16get_magic_number
FN:84,_RNvMs_NtCsgKx49t2KK1I_5digby12db_root_pageNtB4_10DbRootPage16set_magic_number
FN:134,_RNvMs_NtCsgKx49t2KK1I_5digby12db_root_pageNtB4_10DbRootPage20get_compression_type
FN:92,_RNvMs_NtCsgKx49t2KK1I_5digby12db_root_pageNtB4_10DbRootPage20get_db_major_version
FN:106,_RNvMs_NtCsgKx49t2KK1I_5digby12db_root_pageNtB4_10DbRootPage20get_db_minor_version
FN:140,_RNvMs_NtCsgKx49t2KK1I_5digby12db_root_pageNtB4_10DbRootPage20set_compression_type
FN:98,_RNvMs_NtCsgKx49t2KK1I_5digby12db_root_pageNtB4_10DbRootPage20set_db_major_version
FN:112,_RNvMs_NtCsgKx49t2KK1I_5digby12db_root_pageNtB4_10DbRootPage20set_db_minor_version
FN:51,_RNvMs_NtCsgKx49t2KK1I_5digby12db_root_pageNtB4_10DbRootPage3new
FN:63,_RNvMs_NtCsgKx49t2KK1I_5digby12db_root_pageNtB4_10DbRootPage9from_page
FN:33,_RNvXNtCsgKx49t2KK1I_5digby12db_root_pageNtB2_10DbRootPageNtNtB4_4page9PageTrait11get_version
FN:37,_RNvXNtCsgKx49t2KK1I_5digby12db_root_pageNtB2_10DbRootPageNtNtB4_4page9PageTrait11set_version
FN:17,_RNvXNtCsgKx49t2KK1I_5digby12db_root_pageNtB2_10DbRootPageNtNtB4_4page9PageTrait14get_page_bytes
FN:21,_RNvXNtCsgKx49t2KK1I_5digby12db_root_pageNtB2_10DbRootPageNtNtB4_4page9PageTrait15get_page_number
FN:25,_RNvXNtCsgKx49t2KK1I_5digby12db_root_pageNtB2_10DbRootPageNtNtB4_4page9PageTrait15set_page_number
FN:29,_RNvXNtCsgKx49t2KK1I_5digby12db_root_pageNtB2_10DbRootPageNtNtB4_4page9PageTrait8get_page
FNDA:1,_RNvNtNtCskvx6Wg1ZZUs_5digby12db_root_page5testss_15test_create_new
FNDA:1,_RNvNtNtCskvx6Wg1ZZUs_5digby12db_root_page5testss_20test_from_page_valid
FNDA:1,_RNvNtNtCskvx6Wg1ZZUs_5digby12db_root_page5testss_24test_setters_and_getters
FNDA:1,_RNvNtNtCskvx6Wg1ZZUs_5digby12db_root_page5testss_27test_from_page_invalid_type
FNDA:1,_RNvNtNtCskvx6Wg1ZZUs_5digby12db_root_page5testss_34test_from_page_invalid_page_number
FNDA:1,_RNvNtNtCskvx6Wg1ZZUs_5digby12db_root_page5testss_35test_from_page_invalid_magic_number
FNDA:0,_RNvXNtCskvx6Wg1ZZUs_5digby12db_root_pageNtB2_10DbRootPageNtNtB4_4page9PageTrait14get_page_bytes
FNDA:0,_RNvXNtCskvx6Wg1ZZUs_5digby12db_root_pageNtB2_10DbRootPageNtNtB4_4page9PageTrait15set_page_number
FNDA:14,_RNvMs_NtCskvx6Wg1ZZUs_5digby12db_root_pageNtB4_10DbRootPage10create_new
FNDA:29,_RNvMs_NtCskvx6Wg1ZZUs_5digby12db_root_pageNtB4_10DbRootPage15get_sanity_type
FNDA:14,_RNvMs_NtCskvx6Wg1ZZUs_5digby12db_root_pageNtB4_10DbRootPage15set_sanity_type
FNDA:31,_RNvMs_NtCskvx6Wg1ZZUs_5digby12db_root_pageNtB4_10DbRootPage16get_magic_number
FNDA:14,_RNvMs_NtCskvx6Wg1ZZUs_5digby12db_root_pageNtB4_10DbRootPage16set_magic_number
FNDA:28,_RNvMs_NtCskvx6Wg1ZZUs_5digby12db_root_pageNtB4_10DbRootPage20get_compression_type
FNDA:1,_RNvMs_NtCskvx6Wg1ZZUs_5digby12db_root_pageNtB4_10DbRootPage20get_db_major_version
FNDA:1,_RNvMs_NtCskvx6Wg1ZZUs_5digby12db_root_pageNtB4_10DbRootPage20get_db_minor_version
FNDA:13,_RNvMs_NtCskvx6Wg1ZZUs_5digby12db_root_pageNtB4_10DbRootPage20set_compression_type
FNDA:14,_RNvMs_NtCskvx6Wg1ZZUs_5digby12db_root_pageNtB4_10DbRootPage20set_db_major_version
FNDA:14,_RNvMs_NtCskvx6Wg1ZZUs_5digby12db_root_pageNtB4_10DbRootPage20set_db_minor_version
FNDA:14,_RNvMs_NtCskvx6Wg1ZZUs_5digby12db_root_pageNtB4_10DbRootPage3new
FNDA:31,_RNvMs_NtCskvx6Wg1ZZUs_5digby12db_root_pageNtB4_10DbRootPage9from_page
FNDA:1,_RNvXNtCskvx6Wg1ZZUs_5digby12db_root_pageNtB2_10DbRootPageNtNtB4_4page9PageTrait11get_version
FNDA:1,_RNvXNtCskvx6Wg1ZZUs_5digby12db_root_pageNtB2_10DbRootPageNtNtB4_4page9PageTrait11set_version
FNDA:1,_RNvXNtCskvx6Wg1ZZUs_5digby12db_root_pageNtB2_10DbRootPageNtNtB4_4page9PageTrait15get_page_number
FNDA:12,_RNvXNtCskvx6Wg1ZZUs_5digby12db_root_pageNtB2_10DbRootPageNtNtB4_4page9PageTrait8get_page
FNDA:13,_RNvMs_NtCsgKx49t2KK1I_5digby12db_root_pageNtB4_10DbRootPage10create_new
FNDA:12,_RNvMs_NtCsgKx49t2KK1I_5digby12db_root_pageNtB4_10DbRootPage15get_sanity_type
FNDA:13,_RNvMs_NtCsgKx49t2KK1I_5digby12db_root_pageNtB4_10DbRootPage15set_sanity_type
FNDA:12,_RNvMs_NtCsgKx49t2KK1I_5digby12db_root_pageNtB4_10DbRootPage16get_magic_number
FNDA:13,_RNvMs_NtCsgKx49t2KK1I_5digby12db_root_pageNtB4_10DbRootPage16set_magic_number
FNDA:12,_RNvMs_NtCsgKx49t2KK1I_5digby12db_root_pageNtB4_10DbRootPage20get_compression_type
FNDA:0,_RNvMs_NtCsgKx49t2KK1I_5digby12db_root_pageNtB4_10DbRootPage20get_db_major_version
FNDA:0,_RNvMs_NtCsgKx49t2KK1I_5digby12db_root_pageNtB4_10DbRootPage20get_db_minor_version
FNDA:13,_RNvMs_NtCsgKx49t2KK1I_5digby12db_root_pageNtB4_10DbRootPage20set_compression_type
FNDA:13,_RNvMs_NtCsgKx49t2KK1I_5digby12db_root_pageNtB4_10DbRootPage20set_db_major_version
FNDA:13,_RNvMs_NtCsgKx49t2KK1I_5digby12db_root_pageNtB4_10DbRootPage20set_db_minor_version
FNDA:13,_RNvMs_NtCsgKx49t2KK1I_5digby12db_root_pageNtB4_10DbRootPage3new
FNDA:12,_RNvMs_NtCsgKx49t2KK1I_5digby12db_root_pageNtB4_10DbRootPage9from_page
FNDA:0,_RNvXNtCsgKx49t2KK1I_5digby12db_root_pageNtB2_10DbRootPageNtNtB4_4page9PageTrait11get_version
FNDA:0,_RNvXNtCsgKx49t2KK1I_5digby12db_root_pageNtB2_10DbRootPageNtNtB4_4page9PageTrait11set_version
FNDA:0,_RNvXNtCsgKx49t2KK1I_5digby12db_root_pageNtB2_10DbRootPageNtNtB4_4page9PageTrait14get_page_bytes
FNDA:0,_RNvXNtCsgKx49t2KK1I_5digby12db_root_pageNtB2_10DbRootPageNtNtB4_4page9PageTrait15get_page_number
FNDA:0,_RNvXNtCsgKx49t2KK1I_5digby12db_root_pageNtB2_10DbRootPageNtNtB4_4page9PageTrait15set_page_number
FNDA:13,_RNvXNtCsgKx49t2KK1I_5digby12db_root_pageNtB2_10DbRootPageNtNtB4_4page9PageTrait8get_page
FNF:25
FNH:23
DA:17,0
DA:18,0
DA:19,0
DA:21,1
DA:22,1
DA:23,1
DA:25,0
DA:26,0
DA:27,0
DA:29,25
DA:30,25
DA:31,25
DA:33,1
DA:34,1
DA:35,1
DA:37,1
DA:38,1
DA:39,1
DA:47,27
DA:48,27
DA:49,27
DA:51,27
DA:52,27
DA:53,27
DA:54,27
DA:55,27
DA:56,27
DA:57,27
DA:58,27
DA:59,27
DA:60,27
DA:61,27
DA:63,43
DA:64,43
DA:65,1
DA:66,42
DA:67,42
DA:68,1
DA:69,41
DA:70,41
DA:71,41
DA:72,1
DA:73,40
DA:75,40
DA:76,40
DA:78,43
DA:79,43
DA:80,43
DA:81,43
DA:82,43
DA:84,27
DA:85,27
DA:86,27
DA:87,27
DA:88,27
DA:89,27
DA:90,27
DA:92,1
DA:93,1
DA:94,1
DA:95,1
DA:96,1
DA:98,27
DA:99,27
DA:100,27
DA:101,27
DA:102,27
DA:103,27
DA:104,27
DA:106,1
DA:107,1
DA:108,1
DA:109,1
DA:110,1
DA:112,27
DA:113,27
DA:114,27
DA:115,27
DA:116,27
DA:117,27
DA:118,27
DA:120,41
DA:121,41
DA:122,41
DA:123,41
DA:124,41
DA:126,27
DA:127,27
DA:128,27
DA:129,27
DA:130,27
DA:131,27
DA:132,27
DA:134,40
DA:135,40
DA:136,40
DA:137,40
DA:138,40
DA:140,26
DA:141,26
DA:142,26
DA:143,26
DA:144,26
DA:145,26
DA:146,26
DA:154,1
DA:155,1
DA:156,1
DA:157,1
DA:158,1
DA:159,1
DA:161,1
DA:162,1
DA:163,1
DA:164,1
DA:165,1
DA:166,1
DA:169,1
DA:170,1
DA:171,1
DA:172,1
DA:175,1
DA:176,1
DA:177,1
DA:178,1
DA:179,1
DA:181,1
DA:182,1
DA:183,1
DA:187,1
DA:188,1
DA:189,1
DA:190,1
DA:191,1
DA:195,1
DA:196,1
DA:197,1
DA:198,1
DA:199,1
DA:200,1
DA:204,1
DA:205,1
DA:206,1
DA:207,1
DA:209,1
DA:210,1
DA:213,1
DA:214,1
DA:215,1
DA:216,1
DA:217,1
DA:218,1
DA:220,1
DA:221,1
DA:223,1
DA:224,1
DA:226,1
DA:227,1
DA:229,1
DA:230,1
DA:231,1
BRF:0
BRH:0
LF:161
LH:155
end_of_record
SF:/workspaces/digby/src/dir_page.rs
FN:693,_RNCNvMs_NtCskvx6Wg1ZZUs_5digby8dir_pageNtB6_7DirPage12split_page_20B8_
FN:748,_RNCNvMs_NtCskvx6Wg1ZZUs_5digby8dir_pageNtB6_7DirPage12split_page_30B8_
FN:801,_RNCNvMs_NtCskvx6Wg1ZZUs_5digby8dir_pageNtB6_7DirPage12split_page_40B8_
FN:814,_RNCNvMs_NtCskvx6Wg1ZZUs_5digby8dir_pageNtB6_7DirPage12split_page_4s_0B8_
FN:400,_RNCNvMs_NtCskvx6Wg1ZZUs_5digby8dir_pageNtB6_7DirPage25reset_with_new_left_fence0B8_
FN:365,_RNCNvMs_NtCskvx6Wg1ZZUs_5digby8dir_pageNtB6_7DirPage26reset_with_new_right_fence0B8_
FN:13,_RNvXNtCskvx6Wg1ZZUs_5digby8dir_pageNtB2_7DirPageNtNtB4_4page9PageTrait14get_page_bytes
FN:1006,_RNvNtNtCskvx6Wg1ZZUs_5digby8dir_page5testss_15test_create_new
FN:1159,_RNvNtNtCskvx6Wg1ZZUs_5digby8dir_page5testss_15test_split_page
FN:1113,_RNvNtNtCskvx6Wg1ZZUs_5digby8dir_page5testss_18test_get_next_page
FN:1022,_RNvNtNtCskvx6Wg1ZZUs_5digby8dir_page5testss_19test_add_child_page
FN:1080,_RNvNtNtCskvx6Wg1ZZUs_5digby8dir_page5testss_36test_add_child_page_reset_left_fence
FN:1048,_RNvNtNtCskvx6Wg1ZZUs_5digby8dir_page5testss_37test_add_child_page_reset_right_fence
FN:57,_RNvMs_NtCskvx6Wg1ZZUs_5digby8dir_pageNtB4_7DirPage10create_new
FN:829,_RNvMs_NtCskvx6Wg1ZZUs_5digby8dir_pageNtB4_7DirPage10split_page
FN:592,_RNvMs_NtCskvx6Wg1ZZUs_5digby8dir_pageNtB4_7DirPage12split_page_1
FN:648,_RNvMs_NtCskvx6Wg1ZZUs_5digby8dir_pageNtB4_7DirPage12split_page_2
FN:708,_RNvMs_NtCskvx6Wg1ZZUs_5digby8dir_pageNtB4_7DirPage12split_page_3
FN:768,_RNvMs_NtCskvx6Wg1ZZUs_5digby8dir_pageNtB4_7DirPage12split_page_4
FN:920,_RNvMs_NtCskvx6Wg1ZZUs_5digby8dir_pageNtB4_7DirPage13get_next_page
FN:423,_RNvMs_NtCskvx6Wg1ZZUs_5digby8dir_pageNtB4_7DirPage14add_child_page
FN:106,_RNvMs_NtCskvx6Wg1ZZUs_5digby8dir_pageNtB4_7DirPage14get_free_space
FN:264,_RNvMs_NtCskvx6Wg1ZZUs_5digby8dir_pageNtB4_7DirPage14get_key_prefix
FN:581,_RNvMs_NtCskvx6Wg1ZZUs_5digby8dir_pageNtB4_7DirPage14get_key_values
FN:160,_RNvMs_NtCskvx6Wg1ZZUs_5digby8dir_pageNtB4_7DirPage14has_left_fence
FN:111,_RNvMs_NtCskvx6Wg1ZZUs_5digby8dir_pageNtB4_7DirPage14set_free_space
FN:259,_RNvMs_NtCskvx6Wg1ZZUs_5digby8dir_pageNtB4_7DirPage15get_key_at_slot
FN:202,_RNvMs_NtCskvx6Wg1ZZUs_5digby8dir_pageNtB4_7DirPage15has_right_fence
FN:948,_RNvMs_NtCskvx6Wg1ZZUs_5digby8dir_pageNtB4_7DirPage15remove_key_page
FN:131,_RNvMs_NtCskvx6Wg1ZZUs_5digby8dir_pageNtB4_7DirPage16get_dir_left_key
FN:96,_RNvMs_NtCskvx6Wg1ZZUs_5digby8dir_pageNtB4_7DirPage16get_entries_size
FN:569,_RNvMs_NtCskvx6Wg1ZZUs_5digby8dir_pageNtB4_7DirPage16get_key_at_index
FN:120,_RNvMs_NtCskvx6Wg1ZZUs_5digby8dir_pageNtB4_7DirPage16get_page_to_left
FN:101,_RNvMs_NtCskvx6Wg1ZZUs_5digby8dir_pageNtB4_7DirPage16set_entries_size
FN:125,_RNvMs_NtCskvx6Wg1ZZUs_5digby8dir_pageNtB4_7DirPage16set_page_to_left
FN:272,_RNvMs_NtCskvx6Wg1ZZUs_5digby8dir_pageNtB4_7DirPage17get_index_for_key
FN:116,_RNvMs_NtCskvx6Wg1ZZUs_5digby8dir_pageNtB4_7DirPage17get_prefix_length
FN:238,_RNvMs_NtCskvx6Wg1ZZUs_5digby8dir_pageNtB4_7DirPage17get_slot_at_index
FN:254,_RNvMs_NtCskvx6Wg1ZZUs_5digby8dir_pageNtB4_7DirPage17get_value_at_slot
FN:226,_RNvMs_NtCskvx6Wg1ZZUs_5digby8dir_pageNtB4_7DirPage17set_prefix_length
FN:247,_RNvMs_NtCskvx6Wg1ZZUs_5digby8dir_pageNtB4_7DirPage17set_slot_at_index
FN:473,_RNvMs_NtCskvx6Wg1ZZUs_5digby8dir_pageNtB4_7DirPage17store_child_pages
FN:178,_RNvMs_NtCskvx6Wg1ZZUs_5digby8dir_pageNtB4_7DirPage18get_left_fence_key
FN:142,_RNvMs_NtCskvx6Wg1ZZUs_5digby8dir_pageNtB4_7DirPage18set_left_fence_key
FN:982,_RNvMs_NtCskvx6Wg1ZZUs_5digby8dir_pageNtB4_7DirPage19get_all_child_pages
FN:532,_RNvMs_NtCskvx6Wg1ZZUs_5digby8dir_pageNtB4_7DirPage19get_page_no_for_key
FN:220,_RNvMs_NtCskvx6Wg1ZZUs_5digby8dir_pageNtB4_7DirPage19get_right_fence_key
FN:184,_RNvMs_NtCskvx6Wg1ZZUs_5digby8dir_pageNtB4_7DirPage19set_right_fence_key
FN:164,_RNvMs_NtCskvx6Wg1ZZUs_5digby8dir_pageNtB4_7DirPage20clear_left_fence_key
FN:552,_RNvMs_NtCskvx6Wg1ZZUs_5digby8dir_pageNtB4_7DirPage20get_page_no_at_index
FN:318,_RNvMs_NtCskvx6Wg1ZZUs_5digby8dir_pageNtB4_7DirPage20update_child_page_no
FN:206,_RNvMs_NtCskvx6Wg1ZZUs_5digby8dir_pageNtB4_7DirPage21clear_right_fence_key
FN:306,_RNvMs_NtCskvx6Wg1ZZUs_5digby8dir_pageNtB4_7DirPage21shift_slots_left_from
FN:500,_RNvMs_NtCskvx6Wg1ZZUs_5digby8dir_pageNtB4_7DirPage22add_key_value_at_index
FN:294,_RNvMs_NtCskvx6Wg1ZZUs_5digby8dir_pageNtB4_7DirPage22shift_slots_right_from
FN:564,_RNvMs_NtCskvx6Wg1ZZUs_5digby8dir_pageNtB4_7DirPage23get_key_suffix_at_index
FN:169,_RNvMs_NtCskvx6Wg1ZZUs_5digby8dir_pageNtB4_7DirPage23get_left_fence_key_size
FN:493,_RNvMs_NtCskvx6Wg1ZZUs_5digby8dir_pageNtB4_7DirPage24calculate_entries_offset
FN:216,_RNvMs_NtCskvx6Wg1ZZUs_5digby8dir_pageNtB4_7DirPage24get_right_fence_key_size
FN:173,_RNvMs_NtCskvx6Wg1ZZUs_5digby8dir_pageNtB4_7DirPage25get_left_fence_key_offset
FN:865,_RNvMs_NtCskvx6Wg1ZZUs_5digby8dir_pageNtB4_7DirPage25remove_key_value_at_index
FN:388,_RNvMs_NtCskvx6Wg1ZZUs_5digby8dir_pageNtB4_7DirPage25reset_with_new_left_fence
FN:211,_RNvMs_NtCskvx6Wg1ZZUs_5digby8dir_pageNtB4_7DirPage26get_right_fence_key_offset
FN:355,_RNvMs_NtCskvx6Wg1ZZUs_5digby8dir_pageNtB4_7DirPage26reset_with_new_right_fence
FN:557,_RNvMs_NtCskvx6Wg1ZZUs_5digby8dir_pageNtB4_7DirPage33get_key_suffix_and_value_at_index
FN:66,_RNvMs_NtCskvx6Wg1ZZUs_5digby8dir_pageNtB4_7DirPage3new
FN:88,_RNvMs_NtCskvx6Wg1ZZUs_5digby8dir_pageNtB4_7DirPage5reset
FN:138,_RNvMs_NtCskvx6Wg1ZZUs_5digby8dir_pageNtB4_7DirPage8is_empty
FN:81,_RNvMs_NtCskvx6Wg1ZZUs_5digby8dir_pageNtB4_7DirPage9from_page
FN:29,_RNvXNtCskvx6Wg1ZZUs_5digby8dir_pageNtB2_7DirPageNtNtB4_4page9PageTrait11get_version
FN:33,_RNvXNtCskvx6Wg1ZZUs_5digby8dir_pageNtB2_7DirPageNtNtB4_4page9PageTrait11set_version
FN:17,_RNvXNtCskvx6Wg1ZZUs_5digby8dir_pageNtB2_7DirPageNtNtB4_4page9PageTrait15get_page_number
FN:21,_RNvXNtCskvx6Wg1ZZUs_5digby8dir_pageNtB2_7DirPageNtNtB4_4page9PageTrait15set_page_number
FN:25,_RNvXNtCskvx6Wg1ZZUs_5digby8dir_pageNtB2_7DirPageNtNtB4_4page9PageTrait8get_page
FN:693,_RNCNvMs_NtCsgKx49t2KK1I_5digby8dir_pageNtB6_7DirPage12split_page_20B8_
FN:748,_RNCNvMs_NtCsgKx49t2KK1I_5digby8dir_pageNtB6_7DirPage12split_page_30B8_
FN:801,_RNCNvMs_NtCsgKx49t2KK1I_5digby8dir_pageNtB6_7DirPage12split_page_40B8_
FN:814,_RNCNvMs_NtCsgKx49t2KK1I_5digby8dir_pageNtB6_7DirPage12split_page_4s_0B8_
FN:400,_RNCNvMs_NtCsgKx49t2KK1I_5digby8dir_pageNtB6_7DirPage25reset_with_new_left_fence0B8_
FN:365,_RNCNvMs_NtCsgKx49t2KK1I_5digby8dir_pageNtB6_7DirPage26reset_with_new_right_fence0B8_
FN:57,_RNvMs_NtCsgKx49t2KK1I_5digby8dir_pageNtB4_7DirPage10create_new
FN:829,_RNvMs_NtCsgKx49t2KK1I_5digby8dir_pageNtB4_7DirPage10split_page
FN:592,_RNvMs_NtCsgKx49t2KK1I_5digby8dir_pageNtB4_7DirPage12split_page_1
FN:648,_RNvMs_NtCsgKx49t2KK1I_5digby8dir_pageNtB4_7DirPage12split_page_2
FN:708,_RNvMs_NtCsgKx49t2KK1I_5digby8dir_pageNtB4_7DirPage12split_page_3
FN:768,_RNvMs_NtCsgKx49t2KK1I_5digby8dir_pageNtB4_7DirPage12split_page_4
FN:920,_RNvMs_NtCsgKx49t2KK1I_5digby8dir_pageNtB4_7DirPage13get_next_page
FN:423,_RNvMs_NtCsgKx49t2KK1I_5digby8dir_pageNtB4_7DirPage14add_child_page
FN:106,_RNvMs_NtCsgKx49t2KK1I_5digby8dir_pageNtB4_7DirPage14get_free_space
FN:264,_RNvMs_NtCsgKx49t2KK1I_5digby8dir_pageNtB4_7DirPage14get_key_prefix
FN:581,_RNvMs_NtCsgKx49t2KK1I_5digby8dir_pageNtB4_7DirPage14get_key_values
FN:160,_RNvMs_NtCsgKx49t2KK1I_5digby8dir_pageNtB4_7DirPage14has_left_fence
FN:111,_RNvMs_NtCsgKx49t2KK1I_5digby8dir_pageNtB4_7DirPage14set_free_space
FN:259,_RNvMs_NtCsgKx49t2KK1I_5digby8dir_pageNtB4_7DirPage15get_key_at_slot
FN:202,_RNvMs_NtCsgKx49t2KK1I_5digby8dir_pageNtB4_7DirPage15has_right_fence
FN:948,_RNvMs_NtCsgKx49t2KK1I_5digby8dir_pageNtB4_7DirPage15remove_key_page
FN:131,_RNvMs_NtCsgKx49t2KK1I_5digby8dir_pageNtB4_7DirPage16get_dir_left_key
FN:96,_RNvMs_NtCsgKx49t2KK1I_5digby8dir_pageNtB4_7DirPage16get_entries_size
FN:569,_RNvMs_NtCsgKx49t2KK1I_5digby8dir_pageNtB4_7DirPage16get_key_at_index
FN:120,_RNvMs_NtCsgKx49t2KK1I_5digby8dir_pageNtB4_7DirPage16get_page_to_left
FN:101,_RNvMs_NtCsgKx49t2KK1I_5digby8dir_pageNtB4_7DirPage16set_entries_size
FN:125,_RNvMs_NtCsgKx49t2KK1I_5digby8dir_pageNtB4_7DirPage16set_page_to_left
FN:272,_RNvMs_NtCsgKx49t2KK1I_5digby8dir_pageNtB4_7DirPage17get_index_for_key
FN:116,_RNvMs_NtCsgKx49t2KK1I_5digby8dir_pageNtB4_7DirPage17get_prefix_length
FN:238,_RNvMs_NtCsgKx49t2KK1I_5digby8dir_pageNtB4_7DirPage17get_slot_at_index
FN:254,_RNvMs_NtCsgKx49t2KK1I_5digby8dir_pageNtB4_7DirPage17get_value_at_slot
FN:226,_RNvMs_NtCsgKx49t2KK1I_5digby8dir_pageNtB4_7DirPage17set_prefix_length
FN:247,_RNvMs_NtCsgKx49t2KK1I_5digby8dir_pageNtB4_7DirPage17set_slot_at_index
FN:473,_RNvMs_NtCsgKx49t2KK1I_5digby8dir_pageNtB4_7DirPage17store_child_pages
FN:178,_RNvMs_NtCsgKx49t2KK1I_5digby8dir_pageNtB4_7DirPage18get_left_fence_key
FN:142,_RNvMs_NtCsgKx49t2KK1I_5digby8dir_pageNtB4_7DirPage18set_left_fence_key
FN:982,_RNvMs_NtCsgKx49t2KK1I_5digby8dir_pageNtB4_7DirPage19get_all_child_pages
FN:532,_RNvMs_NtCsgKx49t2KK1I_5digby8dir_pageNtB4_7DirPage19get_page_no_for_key
FN:220,_RNvMs_NtCsgKx49t2KK1I_5digby8dir_pageNtB4_7DirPage19get_right_fence_key
FN:184,_RNvMs_NtCsgKx49t2KK1I_5digby8dir_pageNtB4_7DirPage19set_right_fence_key
FN:164,_RNvMs_NtCsgKx49t2KK1I_5digby8dir_pageNtB4_7DirPage20clear_left_fence_key
FN:552,_RNvMs_NtCsgKx49t2KK1I_5digby8dir_pageNtB4_7DirPage20get_page_no_at_index
FN:318,_RNvMs_NtCsgKx49t2KK1I_5digby8dir_pageNtB4_7DirPage20update_child_page_no
FN:206,_RNvMs_NtCsgKx49t2KK1I_5digby8dir_pageNtB4_7DirPage21clear_right_fence_key
FN:306,_RNvMs_NtCsgKx49t2KK1I_5digby8dir_pageNtB4_7DirPage21shift_slots_left_from
FN:500,_RNvMs_NtCsgKx49t2KK1I_5digby8dir_pageNtB4_7DirPage22add_key_value_at_index
FN:294,_RNvMs_NtCsgKx49t2KK1I_5digby8dir_pageNtB4_7DirPage22shift_slots_right_from
FN:564,_RNvMs_NtCsgKx49t2KK1I_5digby8dir_pageNtB4_7DirPage23get_key_suffix_at_index
FN:169,_RNvMs_NtCsgKx49t2KK1I_5digby8dir_pageNtB4_7DirPage23get_left_fence_key_size
FN:493,_RNvMs_NtCsgKx49t2KK1I_5digby8dir_pageNtB4_7DirPage24calculate_entries_offset
FN:216,_RNvMs_NtCsgKx49t2KK1I_5digby8dir_pageNtB4_7DirPage24get_right_fence_key_size
FN:173,_RNvMs_NtCsgKx49t2KK1I_5digby8dir_pageNtB4_7DirPage25get_left_fence_key_offset
FN:865,_RNvMs_NtCsgKx49t2KK1I_5digby8dir_pageNtB4_7DirPage25remove_key_value_at_index
FN:388,_RNvMs_NtCsgKx49t2KK1I_5digby8dir_pageNtB4_7DirPage25reset_with_new_left_fence
FN:211,_RNvMs_NtCsgKx49t2KK1I_5digby8dir_pageNtB4_7DirPage26get_right_fence_key_offset
FN:355,_RNvMs_NtCsgKx49t2KK1I_5digby8dir_pageNtB4_7DirPage26reset_with_new_right_fence
FN:557,_RNvMs_NtCsgKx49t2KK1I_5digby8dir_pageNtB4_7DirPage33get_key_suffix_and_value_at_index
FN:66,_RNvMs_NtCsgKx49t2KK1I_5digby8dir_pageNtB4_7DirPage3new
FN:88,_RNvMs_NtCsgKx49t2KK1I_5digby8dir_pageNtB4_7DirPage5reset
FN:138,_RNvMs_NtCsgKx49t2KK1I_5digby8dir_pageNtB4_7DirPage8is_empty
FN:81,_RNvMs_NtCsgKx49t2KK1I_5digby8dir_pageNtB4_7DirPage9from_page
FN:29,_RNvXNtCsgKx49t2KK1I_5digby8dir_pageNtB2_7DirPageNtNtB4_4page9PageTrait11get_version
FN:33,_RNvXNtCsgKx49t2KK1I_5digby8dir_pageNtB2_7DirPageNtNtB4_4page9PageTrait11set_version
FN:13,_RNvXNtCsgKx49t2KK1I_5digby8dir_pageNtB2_7DirPageNtNtB4_4page9PageTrait14get_page_bytes
FN:17,_RNvXNtCsgKx49t2KK1I_5digby8dir_pageNtB2_7DirPageNtNtB4_4page9PageTrait15get_page_number
FN:21,_RNvXNtCsgKx49t2KK1I_5digby8dir_pageNtB2_7DirPageNtNtB4_4page9PageTrait15set_page_number
FN:25,_RNvXNtCsgKx49t2KK1I_5digby8dir_pageNtB2_7DirPageNtNtB4_4page9PageTrait8get_page
FNDA:321,_RNCNvMs_NtCskvx6Wg1ZZUs_5digby8dir_pageNtB6_7DirPage12split_page_20B8_
FNDA:32644,_RNCNvMs_NtCskvx6Wg1ZZUs_5digby8dir_pageNtB6_7DirPage12split_page_30B8_
FNDA:10401,_RNCNvMs_NtCskvx6Wg1ZZUs_5digby8dir_pageNtB6_7DirPage12split_page_40B8_
FNDA:8624,_RNCNvMs_NtCskvx6Wg1ZZUs_5digby8dir_pageNtB6_7DirPage12split_page_4s_0B8_
FNDA:4,_RNCNvMs_NtCskvx6Wg1ZZUs_5digby8dir_pageNtB6_7DirPage25reset_with_new_left_fence0B8_
FNDA:4,_RNCNvMs_NtCskvx6Wg1ZZUs_5digby8dir_pageNtB6_7DirPage26reset_with_new_right_fence0B8_
FNDA:0,_RNvXNtCskvx6Wg1ZZUs_5digby8dir_pageNtB2_7DirPageNtNtB4_4page9PageTrait14get_page_bytes
FNDA:1,_RNvNtNtCskvx6Wg1ZZUs_5digby8dir_page5testss_15test_create_new
FNDA:1,_RNvNtNtCskvx6Wg1ZZUs_5digby8dir_page5testss_15test_split_page
FNDA:1,_RNvNtNtCskvx6Wg1ZZUs_5digby8dir_page5testss_18test_get_next_page
FNDA:1,_RNvNtNtCskvx6Wg1ZZUs_5digby8dir_page5testss_19test_add_child_page
FNDA:1,_RNvNtNtCskvx6Wg1ZZUs_5digby8dir_page5testss_36test_add_child_page_reset_left_fence
FNDA:1,_RNvNtNtCskvx6Wg1ZZUs_5digby8dir_page5testss_37test_add_child_page_reset_right_fence
FNDA:18548,_RNvMs_NtCskvx6Wg1ZZUs_5digby8dir_pageNtB4_7DirPage10create_new
FNDA:9248,_RNvMs_NtCskvx6Wg1ZZUs_5digby8dir_pageNtB4_7DirPage10split_page
FNDA:37,_RNvMs_NtCskvx6Wg1ZZUs_5digby8dir_pageNtB4_7DirPage12split_page_1
FNDA:102,_RNvMs_NtCskvx6Wg1ZZUs_5digby8dir_pageNtB4_7DirPage12split_page_2
FNDA:4296,_RNvMs_NtCskvx6Wg1ZZUs_5digby8dir_pageNtB4_7DirPage12split_page_3
FNDA:4813,_RNvMs_NtCskvx6Wg1ZZUs_5digby8dir_pageNtB4_7DirPage12split_page_4
FNDA:104993422,_RNvMs_NtCskvx6Wg1ZZUs_5digby8dir_pageNtB4_7DirPage13get_next_page
FNDA:39614,_RNvMs_NtCskvx6Wg1ZZUs_5digby8dir_pageNtB4_7DirPage14add_child_page
FNDA:317723,_RNvMs_NtCskvx6Wg1ZZUs_5digby8dir_pageNtB4_7DirPage14get_free_space
FNDA:343264,_RNvMs_NtCskvx6Wg1ZZUs_5digby8dir_pageNtB4_7DirPage14get_key_prefix
FNDA:2,_RNvMs_NtCskvx6Wg1ZZUs_5digby8dir_pageNtB4_7DirPage14get_key_values
FNDA:58073,_RNvMs_NtCskvx6Wg1ZZUs_5digby8dir_pageNtB4_7DirPage14has_left_fence
FNDA:167937,_RNvMs_NtCskvx6Wg1ZZUs_5digby8dir_pageNtB4_7DirPage14set_free_space
FNDA:275617026,_RNvMs_NtCskvx6Wg1ZZUs_5digby8dir_pageNtB4_7DirPage15get_key_at_slot
FNDA:48861,_RNvMs_NtCskvx6Wg1ZZUs_5digby8dir_pageNtB4_7DirPage15has_right_fence
FNDA:29913,_RNvMs_NtCskvx6Wg1ZZUs_5digby8dir_pageNtB4_7DirPage15remove_key_page
FNDA:164237,_RNvMs_NtCskvx6Wg1ZZUs_5digby8dir_pageNtB4_7DirPage16get_dir_left_key
FNDA:505127018,_RNvMs_NtCskvx6Wg1ZZUs_5digby8dir_pageNtB4_7DirPage16get_entries_size
FNDA:169054,_RNvMs_NtCskvx6Wg1ZZUs_5digby8dir_pageNtB4_7DirPage16get_key_at_index
FNDA:30079832,_RNvMs_NtCskvx6Wg1ZZUs_5digby8dir_pageNtB4_7DirPage16get_page_to_left
FNDA:98311,_RNvMs_NtCskvx6Wg1ZZUs_5digby8dir_pageNtB4_7DirPage16set_entries_size
FNDA:133211,_RNvMs_NtCskvx6Wg1ZZUs_5digby8dir_pageNtB4_7DirPage16set_page_to_left
FNDA:48368283,_RNvMs_NtCskvx6Wg1ZZUs_5digby8dir_pageNtB4_7DirPage17get_index_for_key
FNDA:105794931,_RNvMs_NtCskvx6Wg1ZZUs_5digby8dir_pageNtB4_7DirPage17get_prefix_length
FNDA:350862842,_RNvMs_NtCskvx6Wg1ZZUs_5digby8dir_pageNtB4_7DirPage17get_slot_at_index
FNDA:75041550,_RNvMs_NtCskvx6Wg1ZZUs_5digby8dir_pageNtB4_7DirPage17get_value_at_slot
FNDA:32653,_RNvMs_NtCskvx6Wg1ZZUs_5digby8dir_pageNtB4_7DirPage17set_prefix_length
FNDA:59097,_RNvMs_NtCskvx6Wg1ZZUs_5digby8dir_pageNtB4_7DirPage17set_slot_at_index
FNDA:299248,_RNvMs_NtCskvx6Wg1ZZUs_5digby8dir_pageNtB4_7DirPage17store_child_pages
FNDA:111935,_RNvMs_NtCskvx6Wg1ZZUs_5digby8dir_pageNtB4_7DirPage18get_left_fence_key
FNDA:36910,_RNvMs_NtCskvx6Wg1ZZUs_5digby8dir_pageNtB4_7DirPage18set_left_fence_key
FNDA:39,_RNvMs_NtCskvx6Wg1ZZUs_5digby8dir_pageNtB4_7DirPage19get_all_child_pages
FNDA:24,_RNvMs_NtCskvx6Wg1ZZUs_5digby8dir_pageNtB4_7DirPage19get_page_no_for_key
FNDA:200452,_RNvMs_NtCskvx6Wg1ZZUs_5digby8dir_pageNtB4_7DirPage19get_right_fence_key
FNDA:32716,_RNvMs_NtCskvx6Wg1ZZUs_5digby8dir_pageNtB4_7DirPage19set_right_fence_key
FNDA:2,_RNvMs_NtCskvx6Wg1ZZUs_5digby8dir_pageNtB4_7DirPage20clear_left_fence_key
FNDA:75002936,_RNvMs_NtCskvx6Wg1ZZUs_5digby8dir_pageNtB4_7DirPage20get_page_no_at_index
FNDA:299248,_RNvMs_NtCskvx6Wg1ZZUs_5digby8dir_pageNtB4_7DirPage20update_child_page_no
FNDA:2,_RNvMs_NtCskvx6Wg1ZZUs_5digby8dir_pageNtB4_7DirPage21clear_right_fence_key
FNDA:20664,_RNvMs_NtCskvx6Wg1ZZUs_5digby8dir_pageNtB4_7DirPage21shift_slots_left_from
FNDA:59097,_RNvMs_NtCskvx6Wg1ZZUs_5digby8dir_pageNtB4_7DirPage22add_key_value_at_index
FNDA:59097,_RNvMs_NtCskvx6Wg1ZZUs_5digby8dir_pageNtB4_7DirPage22shift_slots_right_from
FNDA:4435,_RNvMs_NtCskvx6Wg1ZZUs_5digby8dir_pageNtB4_7DirPage23get_key_suffix_at_index
FNDA:111935,_RNvMs_NtCskvx6Wg1ZZUs_5digby8dir_pageNtB4_7DirPage23get_left_fence_key_size
FNDA:128723,_RNvMs_NtCskvx6Wg1ZZUs_5digby8dir_pageNtB4_7DirPage24calculate_entries_offset
FNDA:233105,_RNvMs_NtCskvx6Wg1ZZUs_5digby8dir_pageNtB4_7DirPage24get_right_fence_key_size
FNDA:111935,_RNvMs_NtCskvx6Wg1ZZUs_5digby8dir_pageNtB4_7DirPage25get_left_fence_key_offset
FNDA:20664,_RNvMs_NtCskvx6Wg1ZZUs_5digby8dir_pageNtB4_7DirPage25remove_key_value_at_index
FNDA:1,_RNvMs_NtCskvx6Wg1ZZUs_5digby8dir_pageNtB4_7DirPage25reset_with_new_left_fence
FNDA:200452,_RNvMs_NtCskvx6Wg1ZZUs_5digby8dir_pageNtB4_7DirPage26get_right_fence_key_offset
FNDA:1,_RNvMs_NtCskvx6Wg1ZZUs_5digby8dir_pageNtB4_7DirPage26reset_with_new_right_fence
FNDA:28732,_RNvMs_NtCskvx6Wg1ZZUs_5digby8dir_pageNtB4_7DirPage33get_key_suffix_and_value_at_index
FNDA:18548,_RNvMs_NtCskvx6Wg1ZZUs_5digby8dir_pageNtB4_7DirPage3new
FNDA:2,_RNvMs_NtCskvx6Wg1ZZUs_5digby8dir_pageNtB4_7DirPage5reset
FNDA:29910,_RNvMs_NtCskvx6Wg1ZZUs_5digby8dir_pageNtB4_7DirPage8is_empty
FNDA:104993451,_RNvMs_NtCskvx6Wg1ZZUs_5digby8dir_pageNtB4_7DirPage9from_page
FNDA:1,_RNvXNtCskvx6Wg1ZZUs_5digby8dir_pageNtB2_7DirPageNtNtB4_4page9PageTrait11get_version
FNDA:338455,_RNvXNtCskvx6Wg1ZZUs_5digby8dir_pageNtB2_7DirPageNtNtB4_4page9PageTrait11set_version
FNDA:527259,_RNvXNtCskvx6Wg1ZZUs_5digby8dir_pageNtB2_7DirPageNtNtB4_4page9PageTrait15get_page_number
FNDA:319907,_RNvXNtCskvx6Wg1ZZUs_5digby8dir_pageNtB2_7DirPageNtNtB4_4page9PageTrait15set_page_number
FNDA:319907,_RNvXNtCskvx6Wg1ZZUs_5digby8dir_pageNtB2_7DirPageNtNtB4_4page9PageTrait8get_page
FNDA:0,_RNCNvMs_NtCsgKx49t2KK1I_5digby8dir_pageNtB6_7DirPage12split_page_20B8_
FNDA:0,_RNCNvMs_NtCsgKx49t2KK1I_5digby8dir_pageNtB6_7DirPage12split_page_30B8_
FNDA:0,_RNCNvMs_NtCsgKx49t2KK1I_5digby8dir_pageNtB6_7DirPage12split_page_40B8_
FNDA:0,_RNCNvMs_NtCsgKx49t2KK1I_5digby8dir_pageNtB6_7DirPage12split_page_4s_0B8_
FNDA:0,_RNCNvMs_NtCsgKx49t2KK1I_5digby8dir_pageNtB6_7DirPage25reset_with_new_left_fence0B8_
FNDA:0,_RNCNvMs_NtCsgKx49t2KK1I_5digby8dir_pageNtB6_7DirPage26reset_with_new_right_fence0B8_
FNDA:1,_RNvMs_NtCsgKx49t2KK1I_5digby8dir_pageNtB4_7DirPage10create_new
FNDA:0,_RNvMs_NtCsgKx49t2KK1I_5digby8dir_pageNtB4_7DirPage10split_page
FNDA:0,_RNvMs_NtCsgKx49t2KK1I_5digby8dir_pageNtB4_7DirPage12split_page_1
FNDA:0,_RNvMs_NtCsgKx49t2KK1I_5digby8dir_pageNtB4_7DirPage12split_page_2
FNDA:0,_RNvMs_NtCsgKx49t2KK1I_5digby8dir_pageNtB4_7DirPage12split_page_3
FNDA:0,_RNvMs_NtCsgKx49t2KK1I_5digby8dir_pageNtB4_7DirPage12split_page_4
FNDA:51,_RNvMs_NtCsgKx49t2KK1I_5digby8dir_pageNtB4_7DirPage13get_next_page
FNDA:3,_RNvMs_NtCsgKx49t2KK1I_5digby8dir_pageNtB4_7DirPage14add_child_page
FNDA:13,_RNvMs_NtCsgKx49t2KK1I_5digby8dir_pageNtB4_7DirPage14get_free_space
FNDA:22,_RNvMs_NtCsgKx49t2KK1I_5digby8dir_pageNtB4_7DirPage14get_key_prefix
FNDA:0,_RNvMs_NtCsgKx49t2KK1I_5digby8dir_pageNtB4_7DirPage14get_key_values
FNDA:3,_RNvMs_NtCsgKx49t2KK1I_5digby8dir_pageNtB4_7DirPage14has_left_fence
FNDA:6,_RNvMs_NtCsgKx49t2KK1I_5digby8dir_pageNtB4_7DirPage14set_free_space
FNDA:179,_RNvMs_NtCsgKx49t2KK1I_5digby8dir_pageNtB4_7DirPage15get_key_at_slot
FNDA:3,_RNvMs_NtCsgKx49t2KK1I_5digby8dir_pageNtB4_7DirPage15has_right_fence
FNDA:0,_RNvMs_NtCsgKx49t2KK1I_5digby8dir_pageNtB4_7DirPage15remove_key_page
FNDA:19,_RNvMs_NtCsgKx49t2KK1I_5digby8dir_pageNtB4_7DirPage16get_dir_left_key
FNDA:362,_RNvMs_NtCsgKx49t2KK1I_5digby8dir_pageNtB4_7DirPage16get_entries_size
FNDA:19,_RNvMs_NtCsgKx49t2KK1I_5digby8dir_pageNtB4_7DirPage16get_key_at_index
FNDA:19,_RNvMs_NtCsgKx49t2KK1I_5digby8dir_pageNtB4_7DirPage16get_page_to_left
FNDA:4,_RNvMs_NtCsgKx49t2KK1I_5digby8dir_pageNtB4_7DirPage16set_entries_size
FNDA:11,_RNvMs_NtCsgKx49t2KK1I_5digby8dir_pageNtB4_7DirPage16set_page_to_left
FNDA:33,_RNvMs_NtCsgKx49t2KK1I_5digby8dir_pageNtB4_7DirPage17get_index_for_key
FNDA:114,_RNvMs_NtCsgKx49t2KK1I_5digby8dir_pageNtB4_7DirPage17get_prefix_length
FNDA:225,_RNvMs_NtCsgKx49t2KK1I_5digby8dir_pageNtB4_7DirPage17get_slot_at_index
FNDA:37,_RNvMs_NtCsgKx49t2KK1I_5digby8dir_pageNtB4_7DirPage17get_value_at_slot
FNDA:1,_RNvMs_NtCsgKx49t2KK1I_5digby8dir_pageNtB4_7DirPage17set_prefix_length
FNDA:3,_RNvMs_NtCsgKx49t2KK1I_5digby8dir_pageNtB4_7DirPage17set_slot_at_index
FNDA:19,_RNvMs_NtCsgKx49t2KK1I_5digby8dir_pageNtB4_7DirPage17store_child_pages
FNDA:0,_RNvMs_NtCsgKx49t2KK1I_5digby8dir_pageNtB4_7DirPage18get_left_fence_key
FNDA:1,_RNvMs_NtCsgKx49t2KK1I_5digby8dir_pageNtB4_7DirPage18set_left_fence_key
FNDA:1,_RNvMs_NtCsgKx49t2KK1I_5digby8dir_pageNtB4_7DirPage19get_all_child_pages
FNDA:0,_RNvMs_NtCsgKx49t2KK1I_5digby8dir_pageNtB4_7DirPage19get_page_no_for_key
FNDA:19,_RNvMs_NtCsgKx49t2KK1I_5digby8dir_pageNtB4_7DirPage19get_right_fence_key
FNDA:1,_RNvMs_NtCsgKx49t2KK1I_5digby8dir_pageNtB4_7DirPage19set_right_fence_key
FNDA:0,_RNvMs_NtCsgKx49t2KK1I_5digby8dir_pageNtB4_7DirPage20clear_left_fence_key
FNDA:34,_RNvMs_NtCsgKx49t2KK1I_5digby8dir_pageNtB4_7DirPage20get_page_no_at_index
FNDA:19,_RNvMs_NtCsgKx49t2KK1I_5digby8dir_pageNtB4_7DirPage20update_child_page_no
FNDA:0,_RNvMs_NtCsgKx49t2KK1I_5digby8dir_pageNtB4_7DirPage21clear_right_fence_key
FNDA:0,_RNvMs_NtCsgKx49t2KK1I_5digby8dir_pageNtB4_7DirPage21shift_slots_left_from
FNDA:3,_RNvMs_NtCsgKx49t2KK1I_5digby8dir_pageNtB4_7DirPage22add_key_value_at_index
FNDA:3,_RNvMs_NtCsgKx49t2KK1I_5digby8dir_pageNtB4_7DirPage22shift_slots_right_from
FNDA:0,_RNvMs_NtCsgKx49t2KK1I_5digby8dir_pageNtB4_7DirPage23get_key_suffix_at_index
FNDA:0,_RNvMs_NtCsgKx49t2KK1I_5digby8dir_pageNtB4_7DirPage23get_left_fence_key_size
FNDA:5,_RNvMs_NtCsgKx49t2KK1I_5digby8dir_pageNtB4_7DirPage24calculate_entries_offset
FNDA:20,_RNvMs_NtCsgKx49t2KK1I_5digby8dir_pageNtB4_7DirPage24get_right_fence_key_size
FNDA:0,_RNvMs_NtCsgKx49t2KK1I_5digby8dir_pageNtB4_7DirPage25get_left_fence_key_offset
FNDA:0,_RNvMs_NtCsgKx49t2KK1I_5digby8dir_pageNtB4_7DirPage25remove_key_value_at_index
FNDA:0,_RNvMs_NtCsgKx49t2KK1I_5digby8dir_pageNtB4_7DirPage25reset_with_new_left_fence
FNDA:19,_RNvMs_NtCsgKx49t2KK1I_5digby8dir_pageNtB4_7DirPage26get_right_fence_key_offset
FNDA:0,_RNvMs_NtCsgKx49t2KK1I_5digby8dir_pageNtB4_7DirPage26reset_with_new_right_fence
FNDA:0,_RNvMs_NtCsgKx49t2KK1I_5digby8dir_pageNtB4_7DirPage33get_key_suffix_and_value_at_index
FNDA:1,_RNvMs_NtCsgKx49t2KK1I_5digby8dir_pageNtB4_7DirPage3new
FNDA:0,_RNvMs_NtCsgKx49t2KK1I_5digby8dir_pageNtB4_7DirPage5reset
FNDA:0,_RNvMs_NtCsgKx49t2KK1I_5digby8dir_pageNtB4_7DirPage8is_empty
FNDA:52,_RNvMs_NtCsgKx49t2KK1I_5digby8dir_pageNtB4_7DirPage9from_page
FNDA:0,_RNvXNtCsgKx49t2KK1I_5digby8dir_pageNtB2_7DirPageNtNtB4_4page9PageTrait11get_version
FNDA:20,_RNvXNtCsgKx49t2KK1I_5digby8dir_pageNtB2_7DirPageNtNtB4_4page9PageTrait11set_version
FNDA:0,_RNvXNtCsgKx49t2KK1I_5digby8dir_pageNtB2_7DirPageNtNtB4_4page9PageTrait14get_page_bytes
FNDA:39,_RNvXNtCsgKx49t2KK1I_5digby8dir_pageNtB2_7DirPageNtNtB4_4page9PageTrait15get_page_number
FNDA:19,_RNvXNtCsgKx49t2KK1I_5digby8dir_pageNtB2_7DirPageNtNtB4_4page9PageTrait15set_page_number
FNDA:19,_RNvXNtCsgKx49t2KK1I_5digby8dir_pageNtB2_7DirPageNtNtB4_4page9PageTrait8get_page
FNF:74
FNH:73
DA:13,0
DA:14,0
DA:15,0
DA:17,527298
DA:18,527298
DA:19,527298
DA:21,319926
DA:22,319926
DA:23,319926
DA:25,319926
DA:26,319926
DA:27,319926
DA:29,1
DA:30,1
DA:31,1
DA:33,338475
DA:34,338475
DA:35,338475
DA:57,18549
DA:58,18549
DA:59,18549
DA:60,18549
DA:61,18549
DA:62,18549
DA:64,18549
DA:66,18549
DA:67,18549
DA:68,18549
DA:69,18549
DA:70,18549
DA:71,18549
DA:72,18549
DA:73,18549
DA:74,18549
DA:75,18549
DA:76,18549
DA:77,18549
DA:78,18549
DA:79,18549
DA:81,104993503
DA:82,104993503
DA:83,0
DA:84,104993503
DA:85,104993503
DA:86,104993503
DA:88,2
DA:89,2
DA:90,2
DA:91,2
DA:92,2
DA:93,2
DA:94,2
DA:96,505127380
DA:97,505127380
DA:98,505127380
DA:99,505127380
DA:101,98315
DA:102,98315
DA:103,98315
DA:104,98315
DA:106,317736
DA:107,317736
DA:108,317736
DA:109,317736
DA:111,167943
DA:112,167943
DA:113,167943
DA:114,167943
DA:116,105795045
DA:117,105795045
DA:118,105795045
DA:120,30079851
DA:121,30079851
DA:122,30079851
DA:123,30079851
DA:125,133222
DA:126,133222
DA:127,133222
DA:128,133222
DA:131,164256
DA:132,164256
DA:133,0
DA:134,164256
DA:135,164256
DA:136,164256
DA:138,29910
DA:139,29910
DA:140,29910
DA:142,36911
DA:143,36911
DA:144,36911
DA:145,0
DA:147,36911
DA:148,36911
DA:149,0
DA:151,36911
DA:152,36911
DA:153,36911
DA:154,36911
DA:155,36911
DA:156,36911
DA:157,36911
DA:158,36911
DA:160,58076
DA:161,58076
DA:162,58076
DA:164,2
DA:165,2
DA:166,2
DA:167,2
DA:169,111935
DA:170,111935
DA:171,111935
DA:173,111935
DA:174,111935
DA:175,111935
DA:176,111935
DA:178,111935
DA:179,111935
DA:180,111935
DA:181,111935
DA:182,111935
DA:184,32717
DA:185,32717
DA:186,32717
DA:187,0
DA:189,32717
DA:190,32717
DA:191,0
DA:193,32717
DA:194,32717
DA:195,32717
DA:196,32717
DA:197,32717
DA:198,32717
DA:199,32717
DA:200,32717
DA:202,48864
DA:203,48864
DA:204,48864
DA:206,2
DA:207,2
DA:208,2
DA:209,2
DA:211,200471
DA:212,200471
DA:213,200471
DA:214,200471
DA:216,233125
DA:217,233125
DA:218,233125
DA:220,200471
DA:221,200471
DA:222,200471
DA:223,200471
DA:224,200471
DA:226,32654
DA:227,32654
DA:228,32654
DA:229,0
DA:231,32654
DA:232,32654
DA:233,0
DA:235,32654
DA:236,32654
DA:238,350863067
DA:239,350863067
DA:240,350863067
DA:241,350863067
DA:242,350863067
DA:243,350863067
DA:244,350863067
DA:245,350863067
DA:247,59100
DA:248,59100
DA:249,59100
DA:250,59100
DA:251,59100
DA:252,59100
DA:254,75041587
DA:255,75041587
DA:256,75041587
DA:257,75041587
DA:259,275617205
DA:260,275617205
DA:261,275617205
DA:262,275617205
DA:264,343286
DA:265,343286
DA:266,343286
DA:267,279261
DA:268,64025
DA:269,64025
DA:270,343286
DA:272,48368316
DA:273,48368316
DA:276,48368316
DA:277,48368316
DA:279,128746928
DA:280,95226310
DA:281,95226310
DA:282,95226310
DA:284,95226310
DA:285,44854822
DA:286,14847698
DA:287,35523790
DA:291,33520618
DA:292,48368316
DA:294,59100
DA:295,59100
DA:296,59100
DA:297,49539
DA:298,9561
DA:299,9561
DA:300,9561
DA:301,9561
DA:302,9561
DA:304,59100
DA:306,20664
DA:307,20664
DA:308,20664
DA:309,20664
DA:310,20664
DA:311,20664
DA:313,20664
DA:318,299267
DA:319,299267
DA:320,299267
DA:321,299267
DA:322,0
DA:324,299267
DA:325,299267
DA:326,0
DA:328,299267
DA:330,299267
DA:332,299267
DA:333,16623
DA:334,16623
DA:335,282644
DA:338,282644
DA:339,282644
DA:341,60554
DA:342,60554
DA:343,222090
DA:346,222090
DA:347,222090
DA:348,222090
DA:349,222090
DA:350,222090
DA:351,222090
DA:352,222090
DA:353,299267
DA:355,1
DA:357,1
DA:358,1
DA:359,1
DA:360,1
DA:362,1
DA:363,1
DA:364,1
DA:365,4
DA:366,1
DA:368,0
[...]
DA:213,3913
DA:214,3913
DA:215,3913
DA:216,3913
DA:217,3913
DA:218,3913
DA:219,3913
DA:220,3913
DA:222,26722
DA:223,26722
DA:224,3913
DA:225,22809
DA:226,22809
DA:228,22809
DA:229,22809
DA:230,22809
DA:231,22809
DA:232,22809
DA:233,22809
DA:234,22809
DA:235,22809
DA:237,3913
DA:238,3913
DA:240,8
DA:241,8
DA:242,8
DA:243,8
DA:244,8
DA:245,8
DA:246,8
DA:247,8
DA:249,8
DA:250,8
DA:251,3
DA:252,5
DA:255,5
DA:256,5
DA:257,5
DA:258,5
DA:259,5
DA:261,5
DA:262,5
DA:263,3
DA:264,2
DA:267,2
DA:268,2
DA:269,2
DA:270,2
DA:273,2
DA:274,8
BRF:0
BRH:0
LF:206
LH:199
end_of_record
SF:/workspaces/digby/src/tree_dir_entry.rs
FN:61,_RNvNtNtCskvx6Wg1ZZUs_5digby14tree_dir_entry5testss_19test_tree_dir_entry
FN:22,_RNvMNtCskvx6Wg1ZZUs_5digby14tree_dir_entryNtB2_12TreeDirEntry10from_bytes
FN:43,_RNvMNtCskvx6Wg1ZZUs_5digby14tree_dir_entryNtB2_12TreeDirEntry11get_page_no
FN:51,_RNvMNtCskvx6Wg1ZZUs_5digby14tree_dir_entryNtB2_12TreeDirEntry13get_byte_size
FN:47,_RNvMNtCskvx6Wg1ZZUs_5digby14tree_dir_entryNtB2_12TreeDirEntry14get_serialized
FN:8,_RNvMNtCskvx6Wg1ZZUs_5digby14tree_dir_entryNtB2_12TreeDirEntry3new
FN:39,_RNvMNtCskvx6Wg1ZZUs_5digby14tree_dir_entryNtB2_12TreeDirEntry7get_key
FN:22,_RNvMNtCsgKx49t2KK1I_5digby14tree_dir_entryNtB2_12TreeDirEntry10from_bytes
FN:43,_RNvMNtCsgKx49t2KK1I_5digby14tree_dir_entryNtB2_12TreeDirEntry11get_page_no
FN:51,_RNvMNtCsgKx49t2KK1I_5digby14tree_dir_entryNtB2_12TreeDirEntry13get_byte_size
FN:47,_RNvMNtCsgKx49t2KK1I_5digby14tree_dir_entryNtB2_12TreeDirEntry14get_serialized
FN:8,_RNvMNtCsgKx49t2KK1I_5digby14tree_dir_entryNtB2_12TreeDirEntry3new
FN:39,_RNvMNtCsgKx49t2KK1I_5digby14tree_dir_entryNtB2_12TreeDirEntry7get_key
FNDA:1,_RNvNtNtCskvx6Wg1ZZUs_5digby14tree_dir_entry5testss_19test_tree_dir_entry
FNDA:1,_RNvMNtCskvx6Wg1ZZUs_5digby14tree_dir_entryNtB2_12TreeDirEntry10from_bytes
FNDA:383503,_RNvMNtCskvx6Wg1ZZUs_5digby14tree_dir_entryNtB2_12TreeDirEntry11get_page_no
FNDA:1,_RNvMNtCskvx6Wg1ZZUs_5digby14tree_dir_entryNtB2_12TreeDirEntry13get_byte_size
FNDA:1,_RNvMNtCskvx6Wg1ZZUs_5digby14tree_dir_entryNtB2_12TreeDirEntry14get_serialized
FNDA:365008,_RNvMNtCskvx6Wg1ZZUs_5digby14tree_dir_entryNtB2_12TreeDirEntry3new
FNDA:348073,_RNvMNtCskvx6Wg1ZZUs_5digby14tree_dir_entryNtB2_12TreeDirEntry7get_key
FNDA:0,_RNvMNtCsgKx49t2KK1I_5digby14tree_dir_entryNtB2_12TreeDirEntry10from_bytes
FNDA:41,_RNvMNtCsgKx49t2KK1I_5digby14tree_dir_entryNtB2_12TreeDirEntry11get_page_no
FNDA:0,_RNvMNtCsgKx49t2KK1I_5digby14tree_dir_entryNtB2_12TreeDirEntry13get_byte_size
FNDA:0,_RNvMNtCsgKx49t2KK1I_5digby14tree_dir_entryNtB2_12TreeDirEntry14get_serialized
FNDA:41,_RNvMNtCsgKx49t2KK1I_5digby14tree_dir_entryNtB2_12TreeDirEntry3new
FNDA:22,_RNvMNtCsgKx49t2KK1I_5digby14tree_dir_entryNtB2_12TreeDirEntry7get_key
FNF:7
FNH:7
DA:8,365049
DA:9,365049
DA:10,365049
DA:11,365049
DA:12,365049
DA:13,365049
DA:15,365049
DA:16,365049
DA:17,365049
DA:18,365049
DA:19,365049
DA:20,365049
DA:22,1
DA:26,1
DA:27,1
DA:28,1
DA:29,1
DA:30,1
DA:32,1
DA:33,1
DA:34,1
DA:35,1
DA:36,1
DA:37,1
DA:39,348095
DA:40,348095
DA:41,348095
DA:43,383544
DA:44,383544
DA:45,383544
DA:47,1
DA:48,1
DA:49,1
DA:51,1
DA:52,1
DA:53,1
DA:61,1
DA:62,1
DA:63,1
DA:64,1
DA:65,1
DA:66,1
DA:67,1
DA:68,1
DA:69,1
BRF:0
BRH:0
LF:45
LH:45
end_of_record
SF:/workspaces/digby/src/tree_dir_handler.rs
FN:113,_RNvNtNtCskvx6Wg1ZZUs_5digby16tree_dir_handler5testss_10test_add_1
FN:51,_RNvMNtCskvx6Wg1ZZUs_5digby16tree_dir_handlerNtB2_14TreeDirHandler13map_dir_pages
FN:68,_RNvMNtCskvx6Wg1ZZUs_5digby16tree_dir_handlerNtB2_14TreeDirHandler23handle_tree_dir_store_1
FN:14,_RNvMNtCskvx6Wg1ZZUs_5digby16tree_dir_handlerNtB2_14TreeDirHandler24handle_tree_leaf_store_1
FN:51,_RNvMNtCsgKx49t2KK1I_5digby16tree_dir_handlerNtB2_14TreeDirHandler13map_dir_pages
FN:68,_RNvMNtCsgKx49t2KK1I_5digby16tree_dir_handlerNtB2_14TreeDirHandler23handle_tree_dir_store_1
FN:14,_RNvMNtCsgKx49t2KK1I_5digby16tree_dir_handlerNtB2_14TreeDirHandler24handle_tree_leaf_store_1
FNDA:1,_RNvNtNtCskvx6Wg1ZZUs_5digby16tree_dir_handler5testss_10test_add_1
FNDA:164236,_RNvMNtCskvx6Wg1ZZUs_5digby16tree_dir_handlerNtB2_14TreeDirHandler13map_dir_pages
FNDA:119559,_RNvMNtCskvx6Wg1ZZUs_5digby16tree_dir_handlerNtB2_14TreeDirHandler23handle_tree_dir_store_1
FNDA:44679,_RNvMNtCskvx6Wg1ZZUs_5digby16tree_dir_handlerNtB2_14TreeDirHandler24handle_tree_leaf_store_1
FNDA:19,_RNvMNtCsgKx49t2KK1I_5digby16tree_dir_handlerNtB2_14TreeDirHandler13map_dir_pages
FNDA:0,_RNvMNtCsgKx49t2KK1I_5digby16tree_dir_handlerNtB2_14TreeDirHandler23handle_tree_dir_store_1
FNDA:19,_RNvMNtCsgKx49t2KK1I_5digby16tree_dir_handlerNtB2_14TreeDirHandler24handle_tree_leaf_store_1
FNF:4
FNH:4
DA:14,44698
DA:15,44698
DA:16,44698
DA:17,44698
DA:18,44698
DA:19,44698
DA:21,44698
DA:22,38240
DA:23,38240
DA:24,38240
DA:25,38240
DA:26,38240
DA:27,6458
DA:29,6458
DA:31,6458
DA:34,965
DA:37,5493
DA:39,6458
DA:40,6458
DA:41,6458
DA:42,6458
DA:43,6458
DA:44,6458
DA:45,6458
DA:46,6458
DA:48,6458
DA:49,44698
DA:51,164255
DA:52,164255
DA:53,164255
DA:54,164255
DA:55,164255
DA:56,164255
DA:57,337757
DA:58,173502
DA:59,173502
DA:60,164208
DA:61,164208
DA:62,173502
DA:63,173502
DA:64,173502
DA:66,164255
DA:68,119559
DA:69,119559
DA:70,119559
DA:71,119559
DA:72,119559
DA:73,119559
DA:75,119559
DA:76,116770
DA:77,116770
DA:78,116770
DA:79,116770
DA:80,116770
DA:81,2789
DA:84,2789
DA:86,2789
DA:88,637
DA:90,2152
DA:92,2789
DA:93,2789
DA:94,2789
DA:95,2789
DA:96,2789
DA:97,2789
DA:98,2789
DA:99,2789
DA:101,2789
DA:102,119559
DA:113,1
DA:114,1
DA:115,1
DA:116,1
DA:117,1
DA:118,1
DA:119,1
DA:120,1
DA:121,1
DA:123,1
DA:124,1
DA:125,1
DA:126,1
DA:128,1
DA:129,1
DA:130,1
DA:132,1
DA:133,3
DA:134,2
DA:135,2
DA:136,2
DA:137,2
DA:138,2
DA:139,2
DA:141,1
DA:143,1
DA:144,1
DA:145,1
DA:146,1
DA:147,1
DA:149,1
DA:150,1
DA:151,1
DA:152,1
DA:153,1
DA:154,1
DA:156,1
DA:157,2
DA:158,1
DA:159,1
DA:160,1
DA:161,1
DA:162,1
DA:163,1
DA:165,1
DA:166,1
DA:167,1
DA:168,1
DA:169,1
BRF:0
BRH:0
LF:118
LH:118
end_of_record
SF:/workspaces/digby/src/tuple.rs
FN:177,_RNvNtNtCskvx6Wg1ZZUs_5digby5tuple5testss_10test_tuple
FN:190,_RNvNtNtCskvx6Wg1ZZUs_5digby5tuple5testss_21test_tuple_from_bytes
FN:208,_RNvNtNtCskvx6Wg1ZZUs_5digby5tuple5testss_22test_overflow_try_from
FN:243,_RNvNtNtCskvx6Wg1ZZUs_5digby5tuple5testss_23test_tuple_get_overflow
FN:216,_RNvNtNtCskvx6Wg1ZZUs_5digby5tuple5testss_24test_tuple_new_large_key
FN:223,_RNvNtNtCskvx6Wg1ZZUs_5digby5tuple5testss_26test_tuple_new_large_value
FN:230,_RNvNtNtCskvx6Wg1ZZUs_5digby5tuple5testss_38test_tuple_new_with_overflow_large_key
FN:237,_RNvNtNtCskvx6Wg1ZZUs_5digby5tuple5testss_40test_tuple_new_with_overflow_large_value
FN:163,_RNvMs0_NtCskvx6Wg1ZZUs_5digby5tupleNtB5_5Tuple10from_bytes
FN:144,_RNvMs0_NtCskvx6Wg1ZZUs_5digby5tupleNtB5_5Tuple17new_with_overflow
FN:125,_RNvMs0_NtCskvx6Wg1ZZUs_5digby5tupleNtB5_5Tuple3new
FN:167,_RNvMs0_NtCskvx6Wg1ZZUs_5digby5tupleNtB5_5Tuple6equals
FN:53,_RNvXNtCskvx6Wg1ZZUs_5digby5tupleNtB2_8OverflowINtNtCs1X3mq3Q8b4t_4core7convert7TryFromhE8try_from
FN:102,_RNvXs_NtCskvx6Wg1ZZUs_5digby5tupleNtB4_5TupleNtB4_10TupleTrait11get_version
FN:115,_RNvXs_NtCskvx6Wg1ZZUs_5digby5tupleNtB4_5TupleNtB4_10TupleTrait12get_overflow
FN:111,_RNvXs_NtCskvx6Wg1ZZUs_5digby5tupleNtB4_5TupleNtB4_10TupleTrait13get_byte_size
FN:107,_RNvXs_NtCskvx6Wg1ZZUs_5digby5tupleNtB4_5TupleNtB4_10TupleTrait14get_serialized
FN:97,_RNvXs_NtCskvx6Wg1ZZUs_5digby5tupleNtB4_5TupleNtB4_10TupleTrait17get_version_value
FN:87,_RNvXs_NtCskvx6Wg1ZZUs_5digby5tupleNtB4_5TupleNtB4_10TupleTrait7get_key
FN:92,_RNvXs_NtCskvx6Wg1ZZUs_5digby5tupleNtB4_5TupleNtB4_10TupleTrait9get_value
FN:163,_RNvMs0_NtCsgKx49t2KK1I_5digby5tupleNtB5_5Tuple10from_bytes
FN:144,_RNvMs0_NtCsgKx49t2KK1I_5digby5tupleNtB5_5Tuple17new_with_overflow
FN:125,_RNvMs0_NtCsgKx49t2KK1I_5digby5tupleNtB5_5Tuple3new
FN:167,_RNvMs0_NtCsgKx49t2KK1I_5digby5tupleNtB5_5Tuple6equals
FN:53,_RNvXNtCsgKx49t2KK1I_5digby5tupleNtB2_8OverflowINtNtCs1X3mq3Q8b4t_4core7convert7TryFromhE8try_from
FN:102,_RNvXs_NtCsgKx49t2KK1I_5digby5tupleNtB4_5TupleNtB4_10TupleTrait11get_version
FN:115,_RNvXs_NtCsgKx49t2KK1I_5digby5tupleNtB4_5TupleNtB4_10TupleTrait12get_overflow
FN:111,_RNvXs_NtCsgKx49t2KK1I_5digby5tupleNtB4_5TupleNtB4_10TupleTrait13get_byte_size
FN:107,_RNvXs_NtCsgKx49t2KK1I_5digby5tupleNtB4_5TupleNtB4_10TupleTrait14get_serialized
FN:97,_RNvXs_NtCsgKx49t2KK1I_5digby5tupleNtB4_5TupleNtB4_10TupleTrait17get_version_value
FN:87,_RNvXs_NtCsgKx49t2KK1I_5digby5tupleNtB4_5TupleNtB4_10TupleTrait7get_key
FN:92,_RNvXs_NtCsgKx49t2KK1I_5digby5tupleNtB4_5TupleNtB4_10TupleTrait9get_value
FNDA:1,_RNvNtNtCskvx6Wg1ZZUs_5digby5tuple5testss_10test_tuple
FNDA:1,_RNvNtNtCskvx6Wg1ZZUs_5digby5tuple5testss_21test_tuple_from_bytes
FNDA:1,_RNvNtNtCskvx6Wg1ZZUs_5digby5tuple5testss_22test_overflow_try_from
FNDA:1,_RNvNtNtCskvx6Wg1ZZUs_5digby5tuple5testss_23test_tuple_get_overflow
FNDA:1,_RNvNtNtCskvx6Wg1ZZUs_5digby5tuple5testss_24test_tuple_new_large_key
FNDA:1,_RNvNtNtCskvx6Wg1ZZUs_5digby5tuple5testss_26test_tuple_new_large_value
FNDA:1,_RNvNtNtCskvx6Wg1ZZUs_5digby5tuple5testss_38test_tuple_new_with_overflow_large_key
FNDA:1,_RNvNtNtCskvx6Wg1ZZUs_5digby5tuple5testss_40test_tuple_new_with_overflow_large_value
FNDA:1,_RNvMs0_NtCskvx6Wg1ZZUs_5digby5tupleNtB5_5Tuple10from_bytes
FNDA:16867129,_RNvMs0_NtCskvx6Wg1ZZUs_5digby5tupleNtB5_5Tuple17new_with_overflow
FNDA:45307,_RNvMs0_NtCskvx6Wg1ZZUs_5digby5tupleNtB5_5Tuple3new
FNDA:69,_RNvMs0_NtCskvx6Wg1ZZUs_5digby5tupleNtB5_5Tuple6equals
FNDA:33714255,_RNvXNtCskvx6Wg1ZZUs_5digby5tupleNtB2_8OverflowINtNtCs1X3mq3Q8b4t_4core7convert7TryFromhE8try_from
FNDA:2,_RNvXs_NtCskvx6Wg1ZZUs_5digby5tupleNtB4_5TupleNtB4_10TupleTrait11get_version
FNDA:16847132,_RNvXs_NtCskvx6Wg1ZZUs_5digby5tupleNtB4_5TupleNtB4_10TupleTrait12get_overflow
FNDA:1,_RNvXs_NtCskvx6Wg1ZZUs_5digby5tupleNtB4_5TupleNtB4_10TupleTrait13get_byte_size
FNDA:2,_RNvXs_NtCskvx6Wg1ZZUs_5digby5tupleNtB4_5TupleNtB4_10TupleTrait14get_serialized
FNDA:151528,_RNvXs_NtCskvx6Wg1ZZUs_5digby5tupleNtB4_5TupleNtB4_10TupleTrait17get_version_value
FNDA:162325,_RNvXs_NtCskvx6Wg1ZZUs_5digby5tupleNtB4_5TupleNtB4_10TupleTrait7get_key
FNDA:16822289,_RNvXs_NtCskvx6Wg1ZZUs_5digby5tupleNtB4_5TupleNtB4_10TupleTrait9get_value
FNDA:0,_RNvMs0_NtCsgKx49t2KK1I_5digby5tupleNtB5_5Tuple10from_bytes
FNDA:145,_RNvMs0_NtCsgKx49t2KK1I_5digby5tupleNtB5_5Tuple17new_with_overflow
FNDA:15,_RNvMs0_NtCsgKx49t2KK1I_5digby5tupleNtB5_5Tuple3new
FNDA:0,_RNvMs0_NtCsgKx49t2KK1I_5digby5tupleNtB5_5Tuple6equals
FNDA:290,_RNvXNtCsgKx49t2KK1I_5digby5tupleNtB2_8OverflowINtNtCs1X3mq3Q8b4t_4core7convert7TryFromhE8try_from
FNDA:0,_RNvXs_NtCsgKx49t2KK1I_5digby5tupleNtB4_5TupleNtB4_10TupleTrait11get_version
FNDA:110,_RNvXs_NtCsgKx49t2KK1I_5digby5tupleNtB4_5TupleNtB4_10TupleTrait12get_overflow
FNDA:0,_RNvXs_NtCsgKx49t2KK1I_5digby5tupleNtB4_5TupleNtB4_10TupleTrait13get_byte_size
FNDA:0,_RNvXs_NtCsgKx49t2KK1I_5digby5tupleNtB4_5TupleNtB4_10TupleTrait14get_serialized
FNDA:103,_RNvXs_NtCsgKx49t2KK1I_5digby5tupleNtB4_5TupleNtB4_10TupleTrait17get_version_value
FNDA:74,_RNvXs_NtCsgKx49t2KK1I_5digby5tupleNtB4_5TupleNtB4_10TupleTrait7get_key
FNDA:127,_RNvXs_NtCsgKx49t2KK1I_5digby5tupleNtB4_5TupleNtB4_10TupleTrait9get_value
FNF:20
FNH:20
DA:53,33714545
DA:54,33714545
DA:55,33714391
DA:56,2
DA:57,1
DA:58,143
DA:59,2
DA:60,5
DA:61,1
DA:63,33714545
DA:87,162399
DA:88,162399
DA:89,162399
DA:90,162399
DA:92,16822416
DA:93,16822416
DA:94,16822416
DA:95,16822416
DA:97,151631
DA:98,151631
DA:99,151631
DA:100,151631
DA:102,2
DA:103,2
DA:104,2
DA:105,2
DA:107,2
DA:108,2
DA:109,2
DA:111,1
DA:112,1
DA:113,1
DA:115,16847242
DA:116,16847242
DA:117,16847242
DA:118,16847242
DA:120,16847242
DA:121,16847242
DA:125,45322
DA:126,45322
DA:127,45322
DA:128,1
DA:130,45321
DA:131,45321
DA:132,1
DA:134,45320
DA:135,45320
DA:136,45320
DA:137,45320
DA:138,45320
DA:139,45320
DA:140,45320
DA:141,45320
DA:142,45320
DA:144,16867274
DA:145,16867274
DA:146,16867274
DA:147,1
DA:149,16867273
DA:150,16867273
DA:151,1
DA:153,16867272
DA:154,16867272
DA:155,16867272
DA:156,16867272
DA:157,16867272
DA:158,16867272
DA:159,16867272
DA:160,16867272
DA:161,16867272
DA:163,1
DA:164,1
DA:165,1
DA:167,69
DA:168,69
DA:169,69
DA:177,1
DA:178,1
DA:179,1
DA:180,1
DA:182,1
DA:183,1
DA:184,1
DA:185,1
DA:186,1
DA:187,1
DA:190,1
DA:191,1
DA:192,1
DA:193,1
DA:195,1
DA:196,1
DA:198,1
DA:199,1
DA:200,1
DA:201,1
DA:202,1
DA:203,1
DA:205,1
DA:208,1
DA:209,1
DA:210,1
DA:211,1
DA:212,1
DA:216,1
DA:217,1
DA:218,1
DA:219,1
DA:223,1
DA:224,1
DA:225,1
DA:226,1
DA:230,1
DA:231,1
DA:232,1
DA:233,1
DA:237,1
DA:238,1
DA:239,1
DA:240,1
DA:243,1
DA:244,1
DA:245,1
DA:246,1
BRF:0
BRH:0
LF:124
LH:124
end_of_record
SF:/workspaces/digby/src/tuple_processor.rs
FN:149,_RNvNtNtCskvx6Wg1ZZUs_5digby15tuple_processor5testss_19test_generate_tuple
FN:140,_RNvNtNtCskvx6Wg1ZZUs_5digby15tuple_processor5testss_23test_generate_short_key
FN:131,_RNvNtNtCskvx6Wg1ZZUs_5digby15tuple_processor5testss_34test_tuple_processor_oversized_key
FN:18,_RNvMNtCskvx6Wg1ZZUs_5digby15tuple_processorNtB2_14TupleProcessor14generate_tuple
FN:102,_RNvMNtCskvx6Wg1ZZUs_5digby15tuple_processorNtB2_14TupleProcessor16is_oversized_key
FN:109,_RNvMNtCskvx6Wg1ZZUs_5digby15tuple_processorNtB2_14TupleProcessor18generate_short_key
FN:18,_RNvMNtCsgKx49t2KK1I_5digby15tuple_processorNtB2_14TupleProcessor14generate_tuple
FN:102,_RNvMNtCsgKx49t2KK1I_5digby15tuple_processorNtB2_14TupleProcessor16is_oversized_key
FN:109,_RNvMNtCsgKx49t2KK1I_5digby15tuple_processorNtB2_14TupleProcessor18generate_short_key
FNDA:1,_RNvNtNtCskvx6Wg1ZZUs_5digby15tuple_processor5testss_19test_generate_tuple
FNDA:1,_RNvNtNtCskvx6Wg1ZZUs_5digby15tuple_processor5testss_23test_generate_short_key
FNDA:1,_RNvNtNtCskvx6Wg1ZZUs_5digby15tuple_processor5testss_34test_tuple_processor_oversized_key
FNDA:24848,_RNvMNtCskvx6Wg1ZZUs_5digby15tuple_processorNtB2_14TupleProcessor14generate_tuple
FNDA:16896572,_RNvMNtCskvx6Wg1ZZUs_5digby15tuple_processorNtB2_14TupleProcessor16is_oversized_key
FNDA:4,_RNvMNtCskvx6Wg1ZZUs_5digby15tuple_processorNtB2_14TupleProcessor18generate_short_key
FNDA:50,_RNvMNtCsgKx49t2KK1I_5digby15tuple_processorNtB2_14TupleProcessor14generate_tuple
FNDA:205,_RNvMNtCsgKx49t2KK1I_5digby15tuple_processorNtB2_14TupleProcessor16is_oversized_key
FNDA:109,_RNvMNtCsgKx49t2KK1I_5digby15tuple_processorNtB2_14TupleProcessor18generate_short_key
FNF:6
FNH:6
DA:18,24898
DA:19,24898
DA:20,24898
DA:21,24898
DA:22,24898
DA:23,24898
DA:24,24898
DA:25,24898
DA:26,24898
DA:27,24858
DA:28,40
DA:29,40
DA:30,40
DA:32,40
DA:33,40
DA:34,4
DA:36,4
DA:37,1
DA:39,1
DA:40,1
DA:41,1
DA:42,1
DA:43,1
DA:45,3
DA:46,36
DA:49,39
DA:50,37
DA:51,37
DA:52,1
DA:53,1
DA:54,1
DA:57,39
DA:58,3
DA:59,3
DA:60,3
DA:61,3
DA:62,3
DA:63,3
DA:64,3
DA:70,36
DA:74,39
DA:75,39
DA:76,39
DA:77,39
DA:78,39
DA:84,39
DA:85,38
DA:86,38
DA:87,38
DA:88,38
DA:89,38
DA:90,38
DA:92,1
DA:94,1
DA:95,1
DA:96,1
DA:97,1
DA:98,1
DA:100,24898
DA:102,16896777
DA:103,16896777
DA:104,192
DA:105,16896585
DA:106,16896585
DA:107,16896777
DA:109,113
DA:110,113
DA:111,113
DA:112,113
DA:113,113
DA:114,113
DA:115,113
DA:116,113
DA:117,113
DA:131,1
DA:132,1
DA:133,1
DA:135,1
DA:136,1
DA:137,1
DA:140,1
DA:141,1
DA:142,1
DA:143,1
DA:144,1
DA:145,1
DA:146,1
DA:149,1
DA:150,1
DA:151,1
DA:152,1
DA:153,1
DA:154,1
DA:155,1
DA:156,1
DA:157,1
DA:158,1
DA:159,1
DA:160,1
DA:161,1
DA:163,1
DA:164,1
DA:165,1
DA:166,1
DA:167,1
DA:168,1
DA:169,1
DA:170,1
DA:173,1
DA:175,1
DA:176,1
DA:177,1
DA:178,1
DA:179,1
DA:180,1
DA:181,1
DA:183,1
DA:185,1
DA:187,1
DA:188,1
DA:189,1
DA:190,1
DA:191,1
DA:192,1
DA:193,1
DA:195,1
DA:197,1
DA:199,1
DA:200,1
DA:201,1
DA:202,1
DA:203,1
DA:204,1
DA:206,1
DA:208,1
DA:210,1
DA:211,1
DA:212,1
DA:213,1
DA:214,1
DA:215,1
DA:217,1
DA:219,1
DA:221,1
DA:222,1
DA:223,1
DA:224,1
DA:225,1
DA:227,1
DA:229,1
DA:231,1
DA:232,1
DA:233,1
DA:234,1
DA:235,1
DA:237,1
DA:239,1
DA:240,1
DA:243,1
BRF:0
BRH:0
LF:159
LH:159
end_of_record
SF:/workspaces/digby/src/version_holder.rs
FN:43,_RNvNtNtCskvx6Wg1ZZUs_5digby14version_holder5testss_12test_get_set
FN:50,_RNvNtNtCskvx6Wg1ZZUs_5digby14version_holder5testss_26test_get_set_large_version
FN:11,_RNvMNtCskvx6Wg1ZZUs_5digby14version_holderNtB2_13VersionHolder10from_bytes
FN:33,_RNvMNtCskvx6Wg1ZZUs_5digby14version_holderNtB2_13VersionHolder11get_version
FN:29,_RNvMNtCskvx6Wg1ZZUs_5digby14version_holderNtB2_13VersionHolder11set_version
FN:7,_RNvMNtCskvx6Wg1ZZUs_5digby14version_holderNtB2_13VersionHolder3new
FN:17,_RNvMNtCskvx6Wg1ZZUs_5digby14version_holderNtB2_13VersionHolder9get_bytes
FN:21,_RNvMNtCskvx6Wg1ZZUs_5digby14version_holderNtB2_13VersionHolder9get_flags
FN:25,_RNvMNtCskvx6Wg1ZZUs_5digby14version_holderNtB2_13VersionHolder9set_flags
FN:11,_RNvMNtCsgKx49t2KK1I_5digby14version_holderNtB2_13VersionHolder10from_bytes
FN:33,_RNvMNtCsgKx49t2KK1I_5digby14version_holderNtB2_13VersionHolder11get_version
FN:29,_RNvMNtCsgKx49t2KK1I_5digby14version_holderNtB2_13VersionHolder11set_version
FN:7,_RNvMNtCsgKx49t2KK1I_5digby14version_holderNtB2_13VersionHolder3new
FN:17,_RNvMNtCsgKx49t2KK1I_5digby14version_holderNtB2_13VersionHolder9get_bytes
FN:21,_RNvMNtCsgKx49t2KK1I_5digby14version_holderNtB2_13VersionHolder9get_flags
FN:25,_RNvMNtCsgKx49t2KK1I_5digby14version_holderNtB2_13VersionHolder9set_flags
FNDA:1,_RNvNtNtCskvx6Wg1ZZUs_5digby14version_holder5testss_12test_get_set
FNDA:1,_RNvNtNtCskvx6Wg1ZZUs_5digby14version_holder5testss_26test_get_set_large_version
FNDA:346048971,_RNvMNtCskvx6Wg1ZZUs_5digby14version_holderNtB2_13VersionHolder10from_bytes
FNDA:50779401,_RNvMNtCskvx6Wg1ZZUs_5digby14version_holderNtB2_13VersionHolder11get_version
FNDA:588987,_RNvMNtCskvx6Wg1ZZUs_5digby14version_holderNtB2_13VersionHolder11set_version
FNDA:16912441,_RNvMNtCskvx6Wg1ZZUs_5digby14version_holderNtB2_13VersionHolder3new
FNDA:17633943,_RNvMNtCskvx6Wg1ZZUs_5digby14version_holderNtB2_13VersionHolder9get_bytes
FNDA:311415192,_RNvMNtCskvx6Wg1ZZUs_5digby14version_holderNtB2_13VersionHolder9get_flags
FNDA:132519,_RNvMNtCskvx6Wg1ZZUs_5digby14version_holderNtB2_13VersionHolder9set_flags
FNDA:2483,_RNvMNtCsgKx49t2KK1I_5digby14version_holderNtB2_13VersionHolder10from_bytes
FNDA:578,_RNvMNtCsgKx49t2KK1I_5digby14version_holderNtB2_13VersionHolder11get_version
FNDA:330,_RNvMNtCsgKx49t2KK1I_5digby14version_holderNtB2_13VersionHolder11set_version
FNDA:195,_RNvMNtCsgKx49t2KK1I_5digby14version_holderNtB2_13VersionHolder3new
FNDA:902,_RNvMNtCsgKx49t2KK1I_5digby14version_holderNtB2_13VersionHolder9get_bytes
FNDA:1308,_RNvMNtCsgKx49t2KK1I_5digby14version_holderNtB2_13VersionHolder9get_flags
FNDA:377,_RNvMNtCsgKx49t2KK1I_5digby14version_holderNtB2_13VersionHolder9set_flags
FNF:9
FNH:9
DA:7,16912636
DA:8,16912636
DA:9,16912636
DA:11,346051454
DA:12,346051454
DA:13,346051454
DA:14,346051454
DA:15,346051454
DA:17,17634845
DA:18,17634845
DA:19,17634845
DA:21,311416500
DA:22,311416500
DA:23,311416500
DA:25,132896
DA:26,132896
DA:27,132896
DA:29,589317
DA:30,589317
DA:31,589317
DA:33,50779979
DA:34,50779979
DA:35,50779979
DA:43,1
DA:44,1
DA:45,1
DA:46,1
DA:47,1
DA:50,1
DA:52,1
DA:53,1
DA:54,1
DA:55,1
DA:57,1
DA:58,1
DA:59,1
DA:60,1
DA:61,1
BRF:0
BRH:0
LF:38
LH:38
end_of_record
SF:/workspaces/digby/src/xxhash_sanity.rs
FN:11,_RNvMNtCskvx6Wg1ZZUs_5digby13xxhash_sanityNtB2_12XxHashSanity12set_checksum
FN:21,_RNvMNtCskvx6Wg1ZZUs_5digby13xxhash_sanityNtB2_12XxHashSanity15verify_checksum
FN:11,_RNvMNtCsgKx49t2KK1I_5digby13xxhash_sanityNtB2_12XxHashSanity12set_checksum
FN:21,_RNvMNtCsgKx49t2KK1I_5digby13xxhash_sanityNtB2_12XxHashSanity15verify_checksum
FNDA:580704,_RNvMNtCskvx6Wg1ZZUs_5digby13xxhash_sanityNtB2_12XxHashSanity12set_checksum
FNDA:155790585,_RNvMNtCskvx6Wg1ZZUs_5digby13xxhash_sanityNtB2_12XxHashSanity15verify_checksum
FNDA:546,_RNvMNtCsgKx49t2KK1I_5digby13xxhash_sanityNtB2_12XxHashSanity12set_checksum
FNDA:791,_RNvMNtCsgKx49t2KK1I_5digby13xxhash_sanityNtB2_12XxHashSanity15verify_checksum
FNF:2
FNH:2
DA:11,581250
DA:12,581250
DA:13,581250
DA:14,581250
DA:15,581250
DA:16,581250
DA:17,581250
DA:18,581250
DA:19,581250
DA:21,155791376
DA:22,155791376
DA:23,155791376
DA:24,155791376
DA:25,155791376
DA:26,155791376
DA:27,155791376
DA:28,155791376
DA:29,0
DA:30,0
DA:32,155791376
BRF:0
BRH:0
LF:20
LH:18
end_of_record